<?xml version="1.0" encoding="UTF-8"?>
<testsuite xmlns:xsi="http://www.w3.org/2001/XMLSchema-instance" xsi:noNamespaceSchemaLocation="https://maven.apache.org/surefire/maven-surefire-plugin/xsd/surefire-test-report-3.0.xsd" version="3.0" name="com.redhat.developers.HelloResourceTest" time="31.902" tests="1" errors="0" skipped="0" failures="1">
  <properties>
    <property name="gopherProxySet" value="false"/>
    <property name="awt.toolkit" value="sun.lwawt.macosx.LWCToolkit"/>
    <property name="java.specification.version" value="11"/>
    <property name="sun.cpu.isalist" value=""/>
    <property name="test.url" value="http://localhost:8081"/>
    <property name="sun.jnu.encoding" value="UTF-8"/>
    <property name="java.class.path" value="/Volumes/WorkALearn/KLTN/quarkus-demo/target/test-classes:/Volumes/WorkALearn/KLTN/quarkus-demo/target/classes:/Users/hungnguyen/.m2/repository/io/quarkus/quarkus-hibernate-orm-rest-data-panache/2.11.1.Final/quarkus-hibernate-orm-rest-data-panache-2.11.1.Final.jar:/Users/hungnguyen/.m2/repository/io/quarkus/quarkus-rest-data-panache/2.11.1.Final/quarkus-rest-data-panache-2.11.1.Final.jar:/Users/hungnguyen/.m2/repository/io/quarkus/quarkus-panache-common/2.11.1.Final/quarkus-panache-common-2.11.1.Final.jar:/Users/hungnguyen/.m2/repository/io/quarkus/quarkus-hal/2.11.1.Final/quarkus-hal-2.11.1.Final.jar:/Users/hungnguyen/.m2/repository/org/jboss/spec/javax/ws/rs/jboss-jaxrs-api_2.1_spec/2.0.1.Final/jboss-jaxrs-api_2.1_spec-2.0.1.Final.jar:/Users/hungnguyen/.m2/repository/jakarta/validation/jakarta.validation-api/2.0.2/jakarta.validation-api-2.0.2.jar:/Users/hungnguyen/.m2/repository/io/quarkus/quarkus-hibernate-orm-panache/2.11.1.Final/quarkus-hibernate-orm-panache-2.11.1.Final.jar:/Users/hungnguyen/.m2/repository/io/quarkus/quarkus-hibernate-orm/2.11.1.Final/quarkus-hibernate-orm-2.11.1.Final.jar:/Users/hungnguyen/.m2/repository/io/quarkus/quarkus-agroal/2.11.1.Final/quarkus-agroal-2.11.1.Final.jar:/Users/hungnguyen/.m2/repository/io/quarkus/quarkus-datasource/2.11.1.Final/quarkus-datasource-2.11.1.Final.jar:/Users/hungnguyen/.m2/repository/io/quarkus/quarkus-datasource-common/2.11.1.Final/quarkus-datasource-common-2.11.1.Final.jar:/Users/hungnguyen/.m2/repository/io/agroal/agroal-api/1.16/agroal-api-1.16.jar:/Users/hungnguyen/.m2/repository/io/agroal/agroal-narayana/1.16/agroal-narayana-1.16.jar:/Users/hungnguyen/.m2/repository/org/jboss/jboss-transaction-spi/7.6.0.Final/jboss-transaction-spi-7.6.0.Final.jar:/Users/hungnguyen/.m2/repository/io/agroal/agroal-pool/1.16/agroal-pool-1.16.jar:/Users/hungnguyen/.m2/repository/io/quarkus/quarkus-narayana-jta/2.11.1.Final/quarkus-narayana-jta-2.11.1.Final.jar:/Users/hungnguyen/.m2/repository/io/quarkus/quarkus-transaction-annotations/2.11.1.Final/quarkus-transaction-annotations-2.11.1.Final.jar:/Users/hungnguyen/.m2/repository/io/smallrye/smallrye-context-propagation-jta/1.2.2/smallrye-context-propagation-jta-1.2.2.jar:/Users/hungnguyen/.m2/repository/io/smallrye/reactive/smallrye-reactive-converter-api/2.7.0/smallrye-reactive-converter-api-2.7.0.jar:/Users/hungnguyen/.m2/repository/io/smallrye/reactive/smallrye-reactive-converter-mutiny/2.7.0/smallrye-reactive-converter-mutiny-2.7.0.jar:/Users/hungnguyen/.m2/repository/org/jboss/narayana/jta/narayana-jta/5.12.6.Final/narayana-jta-5.12.6.Final.jar:/Users/hungnguyen/.m2/repository/org/jboss/spec/javax/resource/jboss-connector-api_1.7_spec/1.0.0.Final/jboss-connector-api_1.7_spec-1.0.0.Final.jar:/Users/hungnguyen/.m2/repository/org/jboss/narayana/jts/narayana-jts-integration/5.12.6.Final/narayana-jts-integration-5.12.6.Final.jar:/Users/hungnguyen/.m2/repository/org/hibernate/hibernate-core/5.6.10.Final/hibernate-core-5.6.10.Final.jar:/Users/hungnguyen/.m2/repository/net/bytebuddy/byte-buddy/1.12.9/byte-buddy-1.12.9.jar:/Users/hungnguyen/.m2/repository/antlr/antlr/2.7.7/antlr-2.7.7.jar:/Users/hungnguyen/.m2/repository/com/fasterxml/classmate/1.5.1/classmate-1.5.1.jar:/Users/hungnguyen/.m2/repository/org/hibernate/common/hibernate-commons-annotations/5.1.2.Final/hibernate-commons-annotations-5.1.2.Final.jar:/Users/hungnguyen/.m2/repository/org/hibernate/hibernate-graalvm/5.6.10.Final/hibernate-graalvm-5.6.10.Final.jar:/Users/hungnguyen/.m2/repository/org/glassfish/jaxb/jaxb-runtime/2.3.3-b02/jaxb-runtime-2.3.3-b02.jar:/Users/hungnguyen/.m2/repository/org/glassfish/jaxb/txw2/2.3.3-b02/txw2-2.3.3-b02.jar:/Users/hungnguyen/.m2/repository/com/sun/istack/istack-commons-runtime/3.0.10/istack-commons-runtime-3.0.10.jar:/Users/hungnguyen/.m2/repository/jakarta/persistence/jakarta.persistence-api/2.2.3/jakarta.persistence-api-2.2.3.jar:/Users/hungnguyen/.m2/repository/org/hibernate/quarkus-local-cache/0.1.1/quarkus-local-cache-0.1.1.jar:/Users/hungnguyen/.m2/repository/io/quarkus/quarkus-caffeine/2.11.1.Final/quarkus-caffeine-2.11.1.Final.jar:/Users/hungnguyen/.m2/repository/com/github/ben-manes/caffeine/caffeine/2.9.3/caffeine-2.9.3.jar:/Users/hungnguyen/.m2/repository/com/google/errorprone/error_prone_annotations/2.14.0/error_prone_annotations-2.14.0.jar:/Users/hungnguyen/.m2/repository/io/quarkus/quarkus-hibernate-orm-panache-common/2.11.1.Final/quarkus-hibernate-orm-panache-common-2.11.1.Final.jar:/Users/hungnguyen/.m2/repository/io/quarkus/quarkus-panache-hibernate-common/2.11.1.Final/quarkus-panache-hibernate-common-2.11.1.Final.jar:/Users/hungnguyen/.m2/repository/io/quarkus/quarkus-resteasy-jackson/2.11.1.Final/quarkus-resteasy-jackson-2.11.1.Final.jar:/Users/hungnguyen/.m2/repository/io/quarkus/quarkus-jackson/2.11.1.Final/quarkus-jackson-2.11.1.Final.jar:/Users/hungnguyen/.m2/repository/com/fasterxml/jackson/core/jackson-databind/2.13.3/jackson-databind-2.13.3.jar:/Users/hungnguyen/.m2/repository/com/fasterxml/jackson/datatype/jackson-datatype-jsr310/2.13.3/jackson-datatype-jsr310-2.13.3.jar:/Users/hungnguyen/.m2/repository/com/fasterxml/jackson/datatype/jackson-datatype-jdk8/2.13.3/jackson-datatype-jdk8-2.13.3.jar:/Users/hungnguyen/.m2/repository/com/fasterxml/jackson/module/jackson-module-parameter-names/2.13.3/jackson-module-parameter-names-2.13.3.jar:/Users/hungnguyen/.m2/repository/org/jboss/resteasy/resteasy-jackson2-provider/4.7.5.Final/resteasy-jackson2-provider-4.7.5.Final.jar:/Users/hungnguyen/.m2/repository/com/fasterxml/jackson/core/jackson-core/2.13.3/jackson-core-2.13.3.jar:/Users/hungnguyen/.m2/repository/com/fasterxml/jackson/core/jackson-annotations/2.13.3/jackson-annotations-2.13.3.jar:/Users/hungnguyen/.m2/repository/com/fasterxml/jackson/jaxrs/jackson-jaxrs-json-provider/2.13.3/jackson-jaxrs-json-provider-2.13.3.jar:/Users/hungnguyen/.m2/repository/com/fasterxml/jackson/jaxrs/jackson-jaxrs-base/2.13.3/jackson-jaxrs-base-2.13.3.jar:/Users/hungnguyen/.m2/repository/com/fasterxml/jackson/module/jackson-module-jaxb-annotations/2.13.3/jackson-module-jaxb-annotations-2.13.3.jar:/Users/hungnguyen/.m2/repository/com/github/java-json-tools/json-patch/1.13/json-patch-1.13.jar:/Users/hungnguyen/.m2/repository/com/github/java-json-tools/msg-simple/1.2/msg-simple-1.2.jar:/Users/hungnguyen/.m2/repository/com/github/java-json-tools/btf/1.3/btf-1.3.jar:/Users/hungnguyen/.m2/repository/com/github/java-json-tools/jackson-coreutils/2.0/jackson-coreutils-2.0.jar:/Users/hungnguyen/.m2/repository/org/jboss/logging/jboss-logging/3.5.0.Final/jboss-logging-3.5.0.Final.jar:/Users/hungnguyen/.m2/repository/org/jboss/spec/javax/xml/bind/jboss-jaxb-api_2.3_spec/2.0.0.Final/jboss-jaxb-api_2.3_spec-2.0.0.Final.jar:/Users/hungnguyen/.m2/repository/io/quarkus/quarkus-jdbc-postgresql/2.11.1.Final/quarkus-jdbc-postgresql-2.11.1.Final.jar:/Users/hungnguyen/.m2/repository/org/postgresql/postgresql/42.4.0/postgresql-42.4.0.jar:/Users/hungnguyen/.m2/repository/io/quarkus/quarkus-arc/2.11.1.Final/quarkus-arc-2.11.1.Final.jar:/Users/hungnguyen/.m2/repository/io/quarkus/arc/arc/2.11.1.Final/arc-2.11.1.Final.jar:/Users/hungnguyen/.m2/repository/jakarta/enterprise/jakarta.enterprise.cdi-api/2.0.2/jakarta.enterprise.cdi-api-2.0.2.jar:/Users/hungnguyen/.m2/repository/jakarta/el/jakarta.el-api/3.0.3/jakarta.el-api-3.0.3.jar:/Users/hungnguyen/.m2/repository/jakarta/interceptor/jakarta.interceptor-api/1.2.5/jakarta.interceptor-api-1.2.5.jar:/Users/hungnguyen/.m2/repository/jakarta/annotation/jakarta.annotation-api/1.3.5/jakarta.annotation-api-1.3.5.jar:/Users/hungnguyen/.m2/repository/jakarta/transaction/jakarta.transaction-api/1.3.3/jakarta.transaction-api-1.3.3.jar:/Users/hungnguyen/.m2/repository/io/quarkus/quarkus-core/2.11.1.Final/quarkus-core-2.11.1.Final.jar:/Users/hungnguyen/.m2/repository/jakarta/inject/jakarta.inject-api/1.0/jakarta.inject-api-1.0.jar:/Users/hungnguyen/.m2/repository/io/quarkus/quarkus-ide-launcher/2.11.1.Final/quarkus-ide-launcher-2.11.1.Final.jar:/Users/hungnguyen/.m2/repository/io/quarkus/quarkus-development-mode-spi/2.11.1.Final/quarkus-development-mode-spi-2.11.1.Final.jar:/Users/hungnguyen/.m2/repository/io/smallrye/config/smallrye-config/2.10.1/smallrye-config-2.10.1.jar:/Users/hungnguyen/.m2/repository/io/smallrye/config/smallrye-config-core/2.10.1/smallrye-config-core-2.10.1.jar:/Users/hungnguyen/.m2/repository/org/eclipse/microprofile/config/microprofile-config-api/2.0.1/microprofile-config-api-2.0.1.jar:/Users/hungnguyen/.m2/repository/io/smallrye/common/smallrye-common-expression/1.13.0/smallrye-common-expression-1.13.0.jar:/Users/hungnguyen/.m2/repository/io/smallrye/common/smallrye-common-function/1.13.0/smallrye-common-function-1.13.0.jar:/Users/hungnguyen/.m2/repository/io/smallrye/common/smallrye-common-classloader/1.13.0/smallrye-common-classloader-1.13.0.jar:/Users/hungnguyen/.m2/repository/io/smallrye/config/smallrye-config-common/2.10.1/smallrye-config-common-2.10.1.jar:/Users/hungnguyen/.m2/repository/org/jboss/logmanager/jboss-logmanager-embedded/1.0.10/jboss-logmanager-embedded-1.0.10.jar:/Users/hungnguyen/.m2/repository/org/jboss/logging/jboss-logging-annotations/2.2.1.Final/jboss-logging-annotations-2.2.1.Final.jar:/Users/hungnguyen/.m2/repository/org/jboss/threads/jboss-threads/3.4.2.Final/jboss-threads-3.4.2.Final.jar:/Users/hungnguyen/.m2/repository/org/slf4j/slf4j-api/1.7.36/slf4j-api-1.7.36.jar:/Users/hungnguyen/.m2/repository/org/jboss/slf4j/slf4j-jboss-logmanager/1.1.0.Final/slf4j-jboss-logmanager-1.1.0.Final.jar:/Users/hungnguyen/.m2/repository/org/graalvm/sdk/graal-sdk/22.1.0/graal-sdk-22.1.0.jar:/Users/hungnguyen/.m2/repository/org/wildfly/common/wildfly-common/1.5.4.Final-format-001/wildfly-common-1.5.4.Final-format-001.jar:/Users/hungnguyen/.m2/repository/io/quarkus/quarkus-bootstrap-runner/2.11.1.Final/quarkus-bootstrap-runner-2.11.1.Final.jar:/Users/hungnguyen/.m2/repository/io/quarkus/quarkus-fs-util/0.0.9/quarkus-fs-util-0.0.9.jar:/Users/hungnguyen/.m2/repository/org/eclipse/microprofile/context-propagation/microprofile-context-propagation-api/1.2/microprofile-context-propagation-api-1.2.jar:/Users/hungnguyen/.m2/repository/io/quarkus/quarkus-resteasy/2.11.1.Final/quarkus-resteasy-2.11.1.Final.jar:/Users/hungnguyen/.m2/repository/io/quarkus/quarkus-vertx-http/2.11.1.Final/quarkus-vertx-http-2.11.1.Final.jar:/Users/hungnguyen/.m2/repository/io/quarkus/quarkus-security-runtime-spi/2.11.1.Final/quarkus-security-runtime-spi-2.11.1.Final.jar:/Users/hungnguyen/.m2/repository/io/quarkus/quarkus-credentials/2.11.1.Final/quarkus-credentials-2.11.1.Final.jar:/Users/hungnguyen/.m2/repository/io/quarkus/quarkus-mutiny/2.11.1.Final/quarkus-mutiny-2.11.1.Final.jar:/Users/hungnguyen/.m2/repository/io/smallrye/reactive/mutiny/1.6.0/mutiny-1.6.0.jar:/Users/hungnguyen/.m2/repository/org/reactivestreams/reactive-streams/1.0.3/reactive-streams-1.0.3.jar:/Users/hungnguyen/.m2/repository/io/quarkus/quarkus-smallrye-context-propagation/2.11.1.Final/quarkus-smallrye-context-propagation-2.11.1.Final.jar:/Users/hungnguyen/.m2/repository/io/smallrye/smallrye-context-propagation/1.2.2/smallrye-context-propagation-1.2.2.jar:/Users/hungnguyen/.m2/repository/io/smallrye/smallrye-context-propagation-api/1.2.2/smallrye-context-propagation-api-1.2.2.jar:/Users/hungnguyen/.m2/repository/io/smallrye/smallrye-context-propagation-storage/1.2.2/smallrye-context-propagation-storage-1.2.2.jar:/Users/hungnguyen/.m2/repository/io/smallrye/reactive/mutiny-smallrye-context-propagation/1.6.0/mutiny-smallrye-context-propagation-1.6.0.jar:/Users/hungnguyen/.m2/repository/io/smallrye/common/smallrye-common-vertx-context/1.13.0/smallrye-common-vertx-context-1.13.0.jar:/Users/hungnguyen/.m2/repository/io/vertx/vertx-core/4.3.2/vertx-core-4.3.2.jar:/Users/hungnguyen/.m2/repository/io/netty/netty-common/4.1.78.Final/netty-common-4.1.78.Final.jar:/Users/hungnguyen/.m2/repository/io/netty/netty-buffer/4.1.78.Final/netty-buffer-4.1.78.Final.jar:/Users/hungnguyen/.m2/repository/io/netty/netty-transport/4.1.78.Final/netty-transport-4.1.78.Final.jar:/Users/hungnguyen/.m2/repository/io/netty/netty-handler/4.1.78.Final/netty-handler-4.1.78.Final.jar:/Users/hungnguyen/.m2/repository/io/netty/netty-transport-native-unix-common/4.1.78.Final/netty-transport-native-unix-common-4.1.78.Final.jar:/Users/hungnguyen/.m2/repository/io/netty/netty-handler-proxy/4.1.78.Final/netty-handler-proxy-4.1.78.Final.jar:/Users/hungnguyen/.m2/repository/io/netty/netty-codec-socks/4.1.78.Final/netty-codec-socks-4.1.78.Final.jar:/Users/hungnguyen/.m2/repository/io/netty/netty-codec-http/4.1.78.Final/netty-codec-http-4.1.78.Final.jar:/Users/hungnguyen/.m2/repository/io/netty/netty-codec-http2/4.1.78.Final/netty-codec-http2-4.1.78.Final.jar:/Users/hungnguyen/.m2/repository/io/netty/netty-resolver/4.1.78.Final/netty-resolver-4.1.78.Final.jar:/Users/hungnguyen/.m2/repository/io/netty/netty-resolver-dns/4.1.78.Final/netty-resolver-dns-4.1.78.Final.jar:/Users/hungnguyen/.m2/repository/io/netty/netty-codec-dns/4.1.78.Final/netty-codec-dns-4.1.78.Final.jar:/Users/hungnguyen/.m2/repository/io/smallrye/common/smallrye-common-constraint/1.13.0/smallrye-common-constraint-1.13.0.jar:/Users/hungnguyen/.m2/repository/io/quarkus/quarkus-vertx-http-dev-console-runtime-spi/2.11.1.Final/quarkus-vertx-http-dev-console-runtime-spi-2.11.1.Final.jar:/Users/hungnguyen/.m2/repository/io/quarkus/security/quarkus-security/1.1.4.Final/quarkus-security-1.1.4.Final.jar:/Users/hungnguyen/.m2/repository/io/quarkus/quarkus-vertx/2.11.1.Final/quarkus-vertx-2.11.1.Final.jar:/Users/hungnguyen/.m2/repository/io/quarkus/quarkus-netty/2.11.1.Final/quarkus-netty-2.11.1.Final.jar:/Users/hungnguyen/.m2/repository/io/netty/netty-codec/4.1.78.Final/netty-codec-4.1.78.Final.jar:/Users/hungnguyen/.m2/repository/com/aayushatharva/brotli4j/brotli4j/1.7.1/brotli4j-1.7.1.jar:/Users/hungnguyen/.m2/repository/com/aayushatharva/brotli4j/native-osx-x86_64/1.7.1/native-osx-x86_64-1.7.1.jar:/Users/hungnguyen/.m2/repository/io/netty/netty-codec-haproxy/4.1.78.Final/netty-codec-haproxy-4.1.78.Final.jar:/Users/hungnguyen/.m2/repository/io/smallrye/common/smallrye-common-annotation/1.13.0/smallrye-common-annotation-1.13.0.jar:/Users/hungnguyen/.m2/repository/io/quarkus/quarkus-vertx-latebound-mdc-provider/2.11.1.Final/quarkus-vertx-latebound-mdc-provider-2.11.1.Final.jar:/Users/hungnguyen/.m2/repository/io/smallrye/reactive/smallrye-mutiny-vertx-core/2.24.1/smallrye-mutiny-vertx-core-2.24.1.jar:/Users/hungnguyen/.m2/repository/io/smallrye/reactive/smallrye-mutiny-vertx-runtime/2.24.1/smallrye-mutiny-vertx-runtime-2.24.1.jar:/Users/hungnguyen/.m2/repository/io/smallrye/reactive/vertx-mutiny-generator/2.24.1/vertx-mutiny-generator-2.24.1.jar:/Users/hungnguyen/.m2/repository/io/vertx/vertx-codegen/4.3.2/vertx-codegen-4.3.2.jar:/Users/hungnguyen/.m2/repository/io/smallrye/smallrye-fault-tolerance-vertx/5.5.0/smallrye-fault-tolerance-vertx-5.5.0.jar:/Users/hungnguyen/.m2/repository/io/smallrye/reactive/smallrye-mutiny-vertx-web/2.24.1/smallrye-mutiny-vertx-web-2.24.1.jar:/Users/hungnguyen/.m2/repository/io/smallrye/reactive/smallrye-mutiny-vertx-web-common/2.24.1/smallrye-mutiny-vertx-web-common-2.24.1.jar:/Users/hungnguyen/.m2/repository/io/smallrye/reactive/smallrye-mutiny-vertx-auth-common/2.24.1/smallrye-mutiny-vertx-auth-common-2.24.1.jar:/Users/hungnguyen/.m2/repository/io/smallrye/reactive/smallrye-mutiny-vertx-bridge-common/2.24.1/smallrye-mutiny-vertx-bridge-common-2.24.1.jar:/Users/hungnguyen/.m2/repository/io/smallrye/reactive/smallrye-mutiny-vertx-uri-template/2.24.1/smallrye-mutiny-vertx-uri-template-2.24.1.jar:/Users/hungnguyen/.m2/repository/io/vertx/vertx-uri-template/4.3.2/vertx-uri-template-4.3.2.jar:/Users/hungnguyen/.m2/repository/io/vertx/vertx-web/4.3.2/vertx-web-4.3.2.jar:/Users/hungnguyen/.m2/repository/io/vertx/vertx-web-common/4.3.2/vertx-web-common-4.3.2.jar:/Users/hungnguyen/.m2/repository/io/vertx/vertx-auth-common/4.3.2/vertx-auth-common-4.3.2.jar:/Users/hungnguyen/.m2/repository/io/vertx/vertx-bridge-common/4.3.2/vertx-bridge-common-4.3.2.jar:/Users/hungnguyen/.m2/repository/io/github/crac/org-crac/0.1.1/org-crac-0.1.1.jar:/Users/hungnguyen/.m2/repository/io/quarkus/quarkus-resteasy-server-common/2.11.1.Final/quarkus-resteasy-server-common-2.11.1.Final.jar:/Users/hungnguyen/.m2/repository/io/quarkus/quarkus-resteasy-common/2.11.1.Final/quarkus-resteasy-common-2.11.1.Final.jar:/Users/hungnguyen/.m2/repository/org/jboss/resteasy/resteasy-core/4.7.5.Final/resteasy-core-4.7.5.Final.jar:/Users/hungnguyen/.m2/repository/org/jboss/resteasy/resteasy-core-spi/4.7.5.Final/resteasy-core-spi-4.7.5.Final.jar:/Users/hungnguyen/.m2/repository/com/ibm/async/asyncutil/0.1.0/asyncutil-0.1.0.jar:/Users/hungnguyen/.m2/repository/com/sun/activation/jakarta.activation/1.2.1/jakarta.activation-1.2.1.jar:/Users/hungnguyen/.m2/repository/io/quarkus/quarkus-junit5/2.11.1.Final/quarkus-junit5-2.11.1.Final.jar:/Users/hungnguyen/.m2/repository/io/quarkus/quarkus-bootstrap-core/2.11.1.Final/quarkus-bootstrap-core-2.11.1.Final.jar:/Users/hungnguyen/.m2/repository/io/quarkus/quarkus-bootstrap-app-model/2.11.1.Final/quarkus-bootstrap-app-model-2.11.1.Final.jar:/Users/hungnguyen/.m2/repository/io/quarkus/quarkus-bootstrap-maven-resolver/2.11.1.Final/quarkus-bootstrap-maven-resolver-2.11.1.Final.jar:/Users/hungnguyen/.m2/repository/org/apache/maven/maven-embedder/3.8.6/maven-embedder-3.8.6.jar:/Users/hungnguyen/.m2/repository/org/apache/maven/maven-settings/3.8.6/maven-settings-3.8.6.jar:/Users/hungnguyen/.m2/repository/org/apache/maven/maven-core/3.8.6/maven-core-3.8.6.jar:/Users/hungnguyen/.m2/repository/org/apache/maven/maven-artifact/3.8.6/maven-artifact-3.8.6.jar:/Users/hungnguyen/.m2/repository/org/codehaus/plexus/plexus-component-annotations/2.1.0/plexus-component-annotations-2.1.0.jar:/Users/hungnguyen/.m2/repository/org/apache/maven/maven-plugin-api/3.8.6/maven-plugin-api-3.8.6.jar:/Users/hungnguyen/.m2/repository/org/apache/maven/maven-model/3.8.6/maven-model-3.8.6.jar:/Users/hungnguyen/.m2/repository/org/apache/maven/maven-model-builder/3.8.6/maven-model-builder-3.8.6.jar:/Users/hungnguyen/.m2/repository/org/apache/maven/maven-builder-support/3.8.6/maven-builder-support-3.8.6.jar:/Users/hungnguyen/.m2/repository/org/apache/maven/resolver/maven-resolver-api/1.6.3/maven-resolver-api-1.6.3.jar:/Users/hungnguyen/.m2/repository/org/apache/maven/resolver/maven-resolver-util/1.6.3/maven-resolver-util-1.6.3.jar:/Users/hungnguyen/.m2/repository/org/apache/maven/shared/maven-shared-utils/3.3.4/maven-shared-utils-3.3.4.jar:/Users/hungnguyen/.m2/repository/commons-io/commons-io/2.11.0/commons-io-2.11.0.jar:/Users/hungnguyen/.m2/repository/com/google/inject/guice/4.2.2/guice-4.2.2-no_aop.jar:/Users/hungnguyen/.m2/repository/com/google/guava/guava/31.1-jre/guava-31.1-jre.jar:/Users/hungnguyen/.m2/repository/com/google/guava/failureaccess/1.0.1/failureaccess-1.0.1.jar:/Users/hungnguyen/.m2/repository/org/codehaus/plexus/plexus-classworlds/2.6.0/plexus-classworlds-2.6.0.jar:/Users/hungnguyen/.m2/repository/org/codehaus/plexus/plexus-sec-dispatcher/2.0/plexus-sec-dispatcher-2.0.jar:/Users/hungnguyen/.m2/repository/org/codehaus/plexus/plexus-cipher/2.0/plexus-cipher-2.0.jar:/Users/hungnguyen/.m2/repository/commons-cli/commons-cli/1.4/commons-cli-1.4.jar:/Users/hungnguyen/.m2/repository/org/eclipse/sisu/org.eclipse.sisu.plexus/0.3.5/org.eclipse.sisu.plexus-0.3.5.jar:/Users/hungnguyen/.m2/repository/org/apache/maven/maven-settings-builder/3.8.6/maven-settings-builder-3.8.6.jar:/Users/hungnguyen/.m2/repository/org/codehaus/plexus/plexus-interpolation/1.26/plexus-interpolation-1.26.jar:/Users/hungnguyen/.m2/repository/org/apache/maven/maven-resolver-provider/3.8.6/maven-resolver-provider-3.8.6.jar:/Users/hungnguyen/.m2/repository/org/apache/maven/maven-repository-metadata/3.8.6/maven-repository-metadata-3.8.6.jar:/Users/hungnguyen/.m2/repository/org/apache/maven/resolver/maven-resolver-spi/1.6.3/maven-resolver-spi-1.6.3.jar:/Users/hungnguyen/.m2/repository/org/apache/maven/resolver/maven-resolver-impl/1.6.3/maven-resolver-impl-1.6.3.jar:/Users/hungnguyen/.m2/repository/org/codehaus/plexus/plexus-utils/3.3.0/plexus-utils-3.3.0.jar:/Users/hungnguyen/.m2/repository/org/apache/maven/resolver/maven-resolver-connector-basic/1.6.3/maven-resolver-connector-basic-1.6.3.jar:/Users/hungnguyen/.m2/repository/org/apache/maven/resolver/maven-resolver-transport-wagon/1.6.3/maven-resolver-transport-wagon-1.6.3.jar:/Users/hungnguyen/.m2/repository/org/apache/maven/wagon/wagon-http/3.5.1/wagon-http-3.5.1.jar:/Users/hungnguyen/.m2/repository/org/apache/maven/wagon/wagon-http-shared/3.5.1/wagon-http-shared-3.5.1.jar:/Users/hungnguyen/.m2/repository/org/apache/maven/wagon/wagon-provider-api/3.5.1/wagon-provider-api-3.5.1.jar:/Users/hungnguyen/.m2/repository/org/apache/maven/wagon/wagon-file/3.5.1/wagon-file-3.5.1.jar:/Users/hungnguyen/.m2/repository/io/quarkus/quarkus-bootstrap-gradle-resolver/2.11.1.Final/quarkus-bootstrap-gradle-resolver-2.11.1.Final.jar:/Users/hungnguyen/.m2/repository/io/smallrye/common/smallrye-common-io/1.13.0/smallrye-common-io-1.13.0.jar:/Users/hungnguyen/.m2/repository/org/eclipse/sisu/org.eclipse.sisu.inject/0.3.5/org.eclipse.sisu.inject-0.3.5.jar:/Users/hungnguyen/.m2/repository/io/quarkus/quarkus-test-common/2.11.1.Final/quarkus-test-common-2.11.1.Final.jar:/Users/hungnguyen/.m2/repository/io/quarkus/quarkus-core-deployment/2.11.1.Final/quarkus-core-deployment-2.11.1.Final.jar:/Users/hungnguyen/.m2/repository/org/aesh/readline/2.2/readline-2.2.jar:/Users/hungnguyen/.m2/repository/org/fusesource/jansi/jansi/1.18/jansi-1.18.jar:/Users/hungnguyen/.m2/repository/org/aesh/aesh/2.6/aesh-2.6.jar:/Users/hungnguyen/.m2/repository/io/quarkus/gizmo/gizmo/1.0.11.Final/gizmo-1.0.11.Final.jar:/Users/hungnguyen/.m2/repository/org/ow2/asm/asm-util/9.3/asm-util-9.3.jar:/Users/hungnguyen/.m2/repository/org/ow2/asm/asm/9.3/asm-9.3.jar:/Users/hungnguyen/.m2/repository/org/ow2/asm/asm-commons/9.3/asm-commons-9.3.jar:/Users/hungnguyen/.m2/repository/org/ow2/asm/asm-tree/9.3/asm-tree-9.3.jar:/Users/hungnguyen/.m2/repository/org/ow2/asm/asm-analysis/9.3/asm-analysis-9.3.jar:/Users/hungnguyen/.m2/repository/io/quarkus/quarkus-class-change-agent/2.11.1.Final/quarkus-class-change-agent-2.11.1.Final.jar:/Users/hungnguyen/.m2/repository/io/quarkus/quarkus-devtools-utilities/2.11.1.Final/quarkus-devtools-utilities-2.11.1.Final.jar:/Users/hungnguyen/.m2/repository/io/quarkus/quarkus-builder/2.11.1.Final/quarkus-builder-2.11.1.Final.jar:/Users/hungnguyen/.m2/repository/org/junit/platform/junit-platform-launcher/1.8.2/junit-platform-launcher-1.8.2.jar:/Users/hungnguyen/.m2/repository/org/jboss/jandex/2.4.3.Final/jandex-2.4.3.Final.jar:/Users/hungnguyen/.m2/repository/org/jboss/logging/commons-logging-jboss-logging/1.0.0.Final/commons-logging-jboss-logging-1.0.0.Final.jar:/Users/hungnguyen/.m2/repository/io/quarkus/quarkus-junit5-properties/2.11.1.Final/quarkus-junit5-properties-2.11.1.Final.jar:/Users/hungnguyen/.m2/repository/org/junit/jupiter/junit-jupiter/5.8.2/junit-jupiter-5.8.2.jar:/Users/hungnguyen/.m2/repository/org/junit/jupiter/junit-jupiter-api/5.8.2/junit-jupiter-api-5.8.2.jar:/Users/hungnguyen/.m2/repository/org/opentest4j/opentest4j/1.2.0/opentest4j-1.2.0.jar:/Users/hungnguyen/.m2/repository/org/junit/platform/junit-platform-commons/1.8.2/junit-platform-commons-1.8.2.jar:/Users/hungnguyen/.m2/repository/org/apiguardian/apiguardian-api/1.1.2/apiguardian-api-1.1.2.jar:/Users/hungnguyen/.m2/repository/org/junit/jupiter/junit-jupiter-params/5.8.2/junit-jupiter-params-5.8.2.jar:/Users/hungnguyen/.m2/repository/org/junit/jupiter/junit-jupiter-engine/5.8.2/junit-jupiter-engine-5.8.2.jar:/Users/hungnguyen/.m2/repository/org/junit/platform/junit-platform-engine/1.8.2/junit-platform-engine-1.8.2.jar:/Users/hungnguyen/.m2/repository/com/thoughtworks/xstream/xstream/1.4.19/xstream-1.4.19.jar:/Users/hungnguyen/.m2/repository/io/github/x-stream/mxparser/1.2.2/mxparser-1.2.2.jar:/Users/hungnguyen/.m2/repository/xmlpull/xmlpull/1.1.3.1/xmlpull-1.1.3.1.jar:/Users/hungnguyen/.m2/repository/io/rest-assured/rest-assured/4.5.1/rest-assured-4.5.1.jar:/Users/hungnguyen/.m2/repository/org/codehaus/groovy/groovy/3.0.9/groovy-3.0.9.jar:/Users/hungnguyen/.m2/repository/org/codehaus/groovy/groovy-xml/3.0.9/groovy-xml-3.0.9.jar:/Users/hungnguyen/.m2/repository/org/apache/httpcomponents/httpclient/4.5.13/httpclient-4.5.13.jar:/Users/hungnguyen/.m2/repository/org/apache/httpcomponents/httpcore/4.4.15/httpcore-4.4.15.jar:/Users/hungnguyen/.m2/repository/commons-codec/commons-codec/1.15/commons-codec-1.15.jar:/Users/hungnguyen/.m2/repository/org/apache/httpcomponents/httpmime/4.5.13/httpmime-4.5.13.jar:/Users/hungnguyen/.m2/repository/org/hamcrest/hamcrest/2.1/hamcrest-2.1.jar:/Users/hungnguyen/.m2/repository/org/ccil/cowan/tagsoup/tagsoup/1.2.1/tagsoup-1.2.1.jar:/Users/hungnguyen/.m2/repository/io/rest-assured/json-path/4.5.1/json-path-4.5.1.jar:/Users/hungnguyen/.m2/repository/org/codehaus/groovy/groovy-json/3.0.9/groovy-json-3.0.9.jar:/Users/hungnguyen/.m2/repository/io/rest-assured/rest-assured-common/4.5.1/rest-assured-common-4.5.1.jar:/Users/hungnguyen/.m2/repository/io/rest-assured/xml-path/4.5.1/xml-path-4.5.1.jar:/Users/hungnguyen/.m2/repository/org/apache/commons/commons-lang3/3.12.0/commons-lang3-3.12.0.jar:/Users/hungnguyen/.m2/repository/org/projectlombok/lombok/1.18.24/lombok-1.18.24.jar:"/>
    <property name="java.vm.vendor" value="Oracle Corporation"/>
    <property name="sun.arch.data.model" value="64"/>
    <property name="java.vendor.url" value="https://openjdk.java.net/"/>
    <property name="user.timezone" value="Asia/Ho_Chi_Minh"/>
    <property name="java.vm.specification.version" value="11"/>
    <property name="os.name" value="Mac OS X"/>
    <property name="sun.java.launcher" value="SUN_STANDARD"/>
    <property name="user.country" value="US"/>
    <property name="sun.boot.library.path" value="/Library/Java/JavaVirtualMachines/jdk-11.0.13.jdk/Contents/Home/lib"/>
    <property name="sun.java.command" value="/Volumes/WorkALearn/KLTN/quarkus-demo/target/surefire/surefirebooter-20220801220211651_3.jar /Volumes/WorkALearn/KLTN/quarkus-demo/target/surefire 2022-08-01T22-02-11_522-jvmRun1 surefire-20220801220211651_1tmp surefire_0-20220801220211651_2tmp"/>
    <property name="http.nonProxyHosts" value="local|*.local|169.254/16|*.169.254/16"/>
    <property name="jdk.debug" value="release"/>
    <property name="maven.home" value="/Applications/apache-maven-3.6.3"/>
    <property name="surefire.test.class.path" value="/Volumes/WorkALearn/KLTN/quarkus-demo/target/test-classes:/Volumes/WorkALearn/KLTN/quarkus-demo/target/classes:/Users/hungnguyen/.m2/repository/io/quarkus/quarkus-hibernate-orm-rest-data-panache/2.11.1.Final/quarkus-hibernate-orm-rest-data-panache-2.11.1.Final.jar:/Users/hungnguyen/.m2/repository/io/quarkus/quarkus-rest-data-panache/2.11.1.Final/quarkus-rest-data-panache-2.11.1.Final.jar:/Users/hungnguyen/.m2/repository/io/quarkus/quarkus-panache-common/2.11.1.Final/quarkus-panache-common-2.11.1.Final.jar:/Users/hungnguyen/.m2/repository/io/quarkus/quarkus-hal/2.11.1.Final/quarkus-hal-2.11.1.Final.jar:/Users/hungnguyen/.m2/repository/org/jboss/spec/javax/ws/rs/jboss-jaxrs-api_2.1_spec/2.0.1.Final/jboss-jaxrs-api_2.1_spec-2.0.1.Final.jar:/Users/hungnguyen/.m2/repository/jakarta/validation/jakarta.validation-api/2.0.2/jakarta.validation-api-2.0.2.jar:/Users/hungnguyen/.m2/repository/io/quarkus/quarkus-hibernate-orm-panache/2.11.1.Final/quarkus-hibernate-orm-panache-2.11.1.Final.jar:/Users/hungnguyen/.m2/repository/io/quarkus/quarkus-hibernate-orm/2.11.1.Final/quarkus-hibernate-orm-2.11.1.Final.jar:/Users/hungnguyen/.m2/repository/io/quarkus/quarkus-agroal/2.11.1.Final/quarkus-agroal-2.11.1.Final.jar:/Users/hungnguyen/.m2/repository/io/quarkus/quarkus-datasource/2.11.1.Final/quarkus-datasource-2.11.1.Final.jar:/Users/hungnguyen/.m2/repository/io/quarkus/quarkus-datasource-common/2.11.1.Final/quarkus-datasource-common-2.11.1.Final.jar:/Users/hungnguyen/.m2/repository/io/agroal/agroal-api/1.16/agroal-api-1.16.jar:/Users/hungnguyen/.m2/repository/io/agroal/agroal-narayana/1.16/agroal-narayana-1.16.jar:/Users/hungnguyen/.m2/repository/org/jboss/jboss-transaction-spi/7.6.0.Final/jboss-transaction-spi-7.6.0.Final.jar:/Users/hungnguyen/.m2/repository/io/agroal/agroal-pool/1.16/agroal-pool-1.16.jar:/Users/hungnguyen/.m2/repository/io/quarkus/quarkus-narayana-jta/2.11.1.Final/quarkus-narayana-jta-2.11.1.Final.jar:/Users/hungnguyen/.m2/repository/io/quarkus/quarkus-transaction-annotations/2.11.1.Final/quarkus-transaction-annotations-2.11.1.Final.jar:/Users/hungnguyen/.m2/repository/io/smallrye/smallrye-context-propagation-jta/1.2.2/smallrye-context-propagation-jta-1.2.2.jar:/Users/hungnguyen/.m2/repository/io/smallrye/reactive/smallrye-reactive-converter-api/2.7.0/smallrye-reactive-converter-api-2.7.0.jar:/Users/hungnguyen/.m2/repository/io/smallrye/reactive/smallrye-reactive-converter-mutiny/2.7.0/smallrye-reactive-converter-mutiny-2.7.0.jar:/Users/hungnguyen/.m2/repository/org/jboss/narayana/jta/narayana-jta/5.12.6.Final/narayana-jta-5.12.6.Final.jar:/Users/hungnguyen/.m2/repository/org/jboss/spec/javax/resource/jboss-connector-api_1.7_spec/1.0.0.Final/jboss-connector-api_1.7_spec-1.0.0.Final.jar:/Users/hungnguyen/.m2/repository/org/jboss/narayana/jts/narayana-jts-integration/5.12.6.Final/narayana-jts-integration-5.12.6.Final.jar:/Users/hungnguyen/.m2/repository/org/hibernate/hibernate-core/5.6.10.Final/hibernate-core-5.6.10.Final.jar:/Users/hungnguyen/.m2/repository/net/bytebuddy/byte-buddy/1.12.9/byte-buddy-1.12.9.jar:/Users/hungnguyen/.m2/repository/antlr/antlr/2.7.7/antlr-2.7.7.jar:/Users/hungnguyen/.m2/repository/com/fasterxml/classmate/1.5.1/classmate-1.5.1.jar:/Users/hungnguyen/.m2/repository/org/hibernate/common/hibernate-commons-annotations/5.1.2.Final/hibernate-commons-annotations-5.1.2.Final.jar:/Users/hungnguyen/.m2/repository/org/hibernate/hibernate-graalvm/5.6.10.Final/hibernate-graalvm-5.6.10.Final.jar:/Users/hungnguyen/.m2/repository/org/glassfish/jaxb/jaxb-runtime/2.3.3-b02/jaxb-runtime-2.3.3-b02.jar:/Users/hungnguyen/.m2/repository/org/glassfish/jaxb/txw2/2.3.3-b02/txw2-2.3.3-b02.jar:/Users/hungnguyen/.m2/repository/com/sun/istack/istack-commons-runtime/3.0.10/istack-commons-runtime-3.0.10.jar:/Users/hungnguyen/.m2/repository/jakarta/persistence/jakarta.persistence-api/2.2.3/jakarta.persistence-api-2.2.3.jar:/Users/hungnguyen/.m2/repository/org/hibernate/quarkus-local-cache/0.1.1/quarkus-local-cache-0.1.1.jar:/Users/hungnguyen/.m2/repository/io/quarkus/quarkus-caffeine/2.11.1.Final/quarkus-caffeine-2.11.1.Final.jar:/Users/hungnguyen/.m2/repository/com/github/ben-manes/caffeine/caffeine/2.9.3/caffeine-2.9.3.jar:/Users/hungnguyen/.m2/repository/com/google/errorprone/error_prone_annotations/2.14.0/error_prone_annotations-2.14.0.jar:/Users/hungnguyen/.m2/repository/io/quarkus/quarkus-hibernate-orm-panache-common/2.11.1.Final/quarkus-hibernate-orm-panache-common-2.11.1.Final.jar:/Users/hungnguyen/.m2/repository/io/quarkus/quarkus-panache-hibernate-common/2.11.1.Final/quarkus-panache-hibernate-common-2.11.1.Final.jar:/Users/hungnguyen/.m2/repository/io/quarkus/quarkus-resteasy-jackson/2.11.1.Final/quarkus-resteasy-jackson-2.11.1.Final.jar:/Users/hungnguyen/.m2/repository/io/quarkus/quarkus-jackson/2.11.1.Final/quarkus-jackson-2.11.1.Final.jar:/Users/hungnguyen/.m2/repository/com/fasterxml/jackson/core/jackson-databind/2.13.3/jackson-databind-2.13.3.jar:/Users/hungnguyen/.m2/repository/com/fasterxml/jackson/datatype/jackson-datatype-jsr310/2.13.3/jackson-datatype-jsr310-2.13.3.jar:/Users/hungnguyen/.m2/repository/com/fasterxml/jackson/datatype/jackson-datatype-jdk8/2.13.3/jackson-datatype-jdk8-2.13.3.jar:/Users/hungnguyen/.m2/repository/com/fasterxml/jackson/module/jackson-module-parameter-names/2.13.3/jackson-module-parameter-names-2.13.3.jar:/Users/hungnguyen/.m2/repository/org/jboss/resteasy/resteasy-jackson2-provider/4.7.5.Final/resteasy-jackson2-provider-4.7.5.Final.jar:/Users/hungnguyen/.m2/repository/com/fasterxml/jackson/core/jackson-core/2.13.3/jackson-core-2.13.3.jar:/Users/hungnguyen/.m2/repository/com/fasterxml/jackson/core/jackson-annotations/2.13.3/jackson-annotations-2.13.3.jar:/Users/hungnguyen/.m2/repository/com/fasterxml/jackson/jaxrs/jackson-jaxrs-json-provider/2.13.3/jackson-jaxrs-json-provider-2.13.3.jar:/Users/hungnguyen/.m2/repository/com/fasterxml/jackson/jaxrs/jackson-jaxrs-base/2.13.3/jackson-jaxrs-base-2.13.3.jar:/Users/hungnguyen/.m2/repository/com/fasterxml/jackson/module/jackson-module-jaxb-annotations/2.13.3/jackson-module-jaxb-annotations-2.13.3.jar:/Users/hungnguyen/.m2/repository/com/github/java-json-tools/json-patch/1.13/json-patch-1.13.jar:/Users/hungnguyen/.m2/repository/com/github/java-json-tools/msg-simple/1.2/msg-simple-1.2.jar:/Users/hungnguyen/.m2/repository/com/github/java-json-tools/btf/1.3/btf-1.3.jar:/Users/hungnguyen/.m2/repository/com/github/java-json-tools/jackson-coreutils/2.0/jackson-coreutils-2.0.jar:/Users/hungnguyen/.m2/repository/org/jboss/logging/jboss-logging/3.5.0.Final/jboss-logging-3.5.0.Final.jar:/Users/hungnguyen/.m2/repository/org/jboss/spec/javax/xml/bind/jboss-jaxb-api_2.3_spec/2.0.0.Final/jboss-jaxb-api_2.3_spec-2.0.0.Final.jar:/Users/hungnguyen/.m2/repository/io/quarkus/quarkus-jdbc-postgresql/2.11.1.Final/quarkus-jdbc-postgresql-2.11.1.Final.jar:/Users/hungnguyen/.m2/repository/org/postgresql/postgresql/42.4.0/postgresql-42.4.0.jar:/Users/hungnguyen/.m2/repository/io/quarkus/quarkus-arc/2.11.1.Final/quarkus-arc-2.11.1.Final.jar:/Users/hungnguyen/.m2/repository/io/quarkus/arc/arc/2.11.1.Final/arc-2.11.1.Final.jar:/Users/hungnguyen/.m2/repository/jakarta/enterprise/jakarta.enterprise.cdi-api/2.0.2/jakarta.enterprise.cdi-api-2.0.2.jar:/Users/hungnguyen/.m2/repository/jakarta/el/jakarta.el-api/3.0.3/jakarta.el-api-3.0.3.jar:/Users/hungnguyen/.m2/repository/jakarta/interceptor/jakarta.interceptor-api/1.2.5/jakarta.interceptor-api-1.2.5.jar:/Users/hungnguyen/.m2/repository/jakarta/annotation/jakarta.annotation-api/1.3.5/jakarta.annotation-api-1.3.5.jar:/Users/hungnguyen/.m2/repository/jakarta/transaction/jakarta.transaction-api/1.3.3/jakarta.transaction-api-1.3.3.jar:/Users/hungnguyen/.m2/repository/io/quarkus/quarkus-core/2.11.1.Final/quarkus-core-2.11.1.Final.jar:/Users/hungnguyen/.m2/repository/jakarta/inject/jakarta.inject-api/1.0/jakarta.inject-api-1.0.jar:/Users/hungnguyen/.m2/repository/io/quarkus/quarkus-ide-launcher/2.11.1.Final/quarkus-ide-launcher-2.11.1.Final.jar:/Users/hungnguyen/.m2/repository/io/quarkus/quarkus-development-mode-spi/2.11.1.Final/quarkus-development-mode-spi-2.11.1.Final.jar:/Users/hungnguyen/.m2/repository/io/smallrye/config/smallrye-config/2.10.1/smallrye-config-2.10.1.jar:/Users/hungnguyen/.m2/repository/io/smallrye/config/smallrye-config-core/2.10.1/smallrye-config-core-2.10.1.jar:/Users/hungnguyen/.m2/repository/org/eclipse/microprofile/config/microprofile-config-api/2.0.1/microprofile-config-api-2.0.1.jar:/Users/hungnguyen/.m2/repository/io/smallrye/common/smallrye-common-expression/1.13.0/smallrye-common-expression-1.13.0.jar:/Users/hungnguyen/.m2/repository/io/smallrye/common/smallrye-common-function/1.13.0/smallrye-common-function-1.13.0.jar:/Users/hungnguyen/.m2/repository/io/smallrye/common/smallrye-common-classloader/1.13.0/smallrye-common-classloader-1.13.0.jar:/Users/hungnguyen/.m2/repository/io/smallrye/config/smallrye-config-common/2.10.1/smallrye-config-common-2.10.1.jar:/Users/hungnguyen/.m2/repository/org/jboss/logmanager/jboss-logmanager-embedded/1.0.10/jboss-logmanager-embedded-1.0.10.jar:/Users/hungnguyen/.m2/repository/org/jboss/logging/jboss-logging-annotations/2.2.1.Final/jboss-logging-annotations-2.2.1.Final.jar:/Users/hungnguyen/.m2/repository/org/jboss/threads/jboss-threads/3.4.2.Final/jboss-threads-3.4.2.Final.jar:/Users/hungnguyen/.m2/repository/org/slf4j/slf4j-api/1.7.36/slf4j-api-1.7.36.jar:/Users/hungnguyen/.m2/repository/org/jboss/slf4j/slf4j-jboss-logmanager/1.1.0.Final/slf4j-jboss-logmanager-1.1.0.Final.jar:/Users/hungnguyen/.m2/repository/org/graalvm/sdk/graal-sdk/22.1.0/graal-sdk-22.1.0.jar:/Users/hungnguyen/.m2/repository/org/wildfly/common/wildfly-common/1.5.4.Final-format-001/wildfly-common-1.5.4.Final-format-001.jar:/Users/hungnguyen/.m2/repository/io/quarkus/quarkus-bootstrap-runner/2.11.1.Final/quarkus-bootstrap-runner-2.11.1.Final.jar:/Users/hungnguyen/.m2/repository/io/quarkus/quarkus-fs-util/0.0.9/quarkus-fs-util-0.0.9.jar:/Users/hungnguyen/.m2/repository/org/eclipse/microprofile/context-propagation/microprofile-context-propagation-api/1.2/microprofile-context-propagation-api-1.2.jar:/Users/hungnguyen/.m2/repository/io/quarkus/quarkus-resteasy/2.11.1.Final/quarkus-resteasy-2.11.1.Final.jar:/Users/hungnguyen/.m2/repository/io/quarkus/quarkus-vertx-http/2.11.1.Final/quarkus-vertx-http-2.11.1.Final.jar:/Users/hungnguyen/.m2/repository/io/quarkus/quarkus-security-runtime-spi/2.11.1.Final/quarkus-security-runtime-spi-2.11.1.Final.jar:/Users/hungnguyen/.m2/repository/io/quarkus/quarkus-credentials/2.11.1.Final/quarkus-credentials-2.11.1.Final.jar:/Users/hungnguyen/.m2/repository/io/quarkus/quarkus-mutiny/2.11.1.Final/quarkus-mutiny-2.11.1.Final.jar:/Users/hungnguyen/.m2/repository/io/smallrye/reactive/mutiny/1.6.0/mutiny-1.6.0.jar:/Users/hungnguyen/.m2/repository/org/reactivestreams/reactive-streams/1.0.3/reactive-streams-1.0.3.jar:/Users/hungnguyen/.m2/repository/io/quarkus/quarkus-smallrye-context-propagation/2.11.1.Final/quarkus-smallrye-context-propagation-2.11.1.Final.jar:/Users/hungnguyen/.m2/repository/io/smallrye/smallrye-context-propagation/1.2.2/smallrye-context-propagation-1.2.2.jar:/Users/hungnguyen/.m2/repository/io/smallrye/smallrye-context-propagation-api/1.2.2/smallrye-context-propagation-api-1.2.2.jar:/Users/hungnguyen/.m2/repository/io/smallrye/smallrye-context-propagation-storage/1.2.2/smallrye-context-propagation-storage-1.2.2.jar:/Users/hungnguyen/.m2/repository/io/smallrye/reactive/mutiny-smallrye-context-propagation/1.6.0/mutiny-smallrye-context-propagation-1.6.0.jar:/Users/hungnguyen/.m2/repository/io/smallrye/common/smallrye-common-vertx-context/1.13.0/smallrye-common-vertx-context-1.13.0.jar:/Users/hungnguyen/.m2/repository/io/vertx/vertx-core/4.3.2/vertx-core-4.3.2.jar:/Users/hungnguyen/.m2/repository/io/netty/netty-common/4.1.78.Final/netty-common-4.1.78.Final.jar:/Users/hungnguyen/.m2/repository/io/netty/netty-buffer/4.1.78.Final/netty-buffer-4.1.78.Final.jar:/Users/hungnguyen/.m2/repository/io/netty/netty-transport/4.1.78.Final/netty-transport-4.1.78.Final.jar:/Users/hungnguyen/.m2/repository/io/netty/netty-handler/4.1.78.Final/netty-handler-4.1.78.Final.jar:/Users/hungnguyen/.m2/repository/io/netty/netty-transport-native-unix-common/4.1.78.Final/netty-transport-native-unix-common-4.1.78.Final.jar:/Users/hungnguyen/.m2/repository/io/netty/netty-handler-proxy/4.1.78.Final/netty-handler-proxy-4.1.78.Final.jar:/Users/hungnguyen/.m2/repository/io/netty/netty-codec-socks/4.1.78.Final/netty-codec-socks-4.1.78.Final.jar:/Users/hungnguyen/.m2/repository/io/netty/netty-codec-http/4.1.78.Final/netty-codec-http-4.1.78.Final.jar:/Users/hungnguyen/.m2/repository/io/netty/netty-codec-http2/4.1.78.Final/netty-codec-http2-4.1.78.Final.jar:/Users/hungnguyen/.m2/repository/io/netty/netty-resolver/4.1.78.Final/netty-resolver-4.1.78.Final.jar:/Users/hungnguyen/.m2/repository/io/netty/netty-resolver-dns/4.1.78.Final/netty-resolver-dns-4.1.78.Final.jar:/Users/hungnguyen/.m2/repository/io/netty/netty-codec-dns/4.1.78.Final/netty-codec-dns-4.1.78.Final.jar:/Users/hungnguyen/.m2/repository/io/smallrye/common/smallrye-common-constraint/1.13.0/smallrye-common-constraint-1.13.0.jar:/Users/hungnguyen/.m2/repository/io/quarkus/quarkus-vertx-http-dev-console-runtime-spi/2.11.1.Final/quarkus-vertx-http-dev-console-runtime-spi-2.11.1.Final.jar:/Users/hungnguyen/.m2/repository/io/quarkus/security/quarkus-security/1.1.4.Final/quarkus-security-1.1.4.Final.jar:/Users/hungnguyen/.m2/repository/io/quarkus/quarkus-vertx/2.11.1.Final/quarkus-vertx-2.11.1.Final.jar:/Users/hungnguyen/.m2/repository/io/quarkus/quarkus-netty/2.11.1.Final/quarkus-netty-2.11.1.Final.jar:/Users/hungnguyen/.m2/repository/io/netty/netty-codec/4.1.78.Final/netty-codec-4.1.78.Final.jar:/Users/hungnguyen/.m2/repository/com/aayushatharva/brotli4j/brotli4j/1.7.1/brotli4j-1.7.1.jar:/Users/hungnguyen/.m2/repository/com/aayushatharva/brotli4j/native-osx-x86_64/1.7.1/native-osx-x86_64-1.7.1.jar:/Users/hungnguyen/.m2/repository/io/netty/netty-codec-haproxy/4.1.78.Final/netty-codec-haproxy-4.1.78.Final.jar:/Users/hungnguyen/.m2/repository/io/smallrye/common/smallrye-common-annotation/1.13.0/smallrye-common-annotation-1.13.0.jar:/Users/hungnguyen/.m2/repository/io/quarkus/quarkus-vertx-latebound-mdc-provider/2.11.1.Final/quarkus-vertx-latebound-mdc-provider-2.11.1.Final.jar:/Users/hungnguyen/.m2/repository/io/smallrye/reactive/smallrye-mutiny-vertx-core/2.24.1/smallrye-mutiny-vertx-core-2.24.1.jar:/Users/hungnguyen/.m2/repository/io/smallrye/reactive/smallrye-mutiny-vertx-runtime/2.24.1/smallrye-mutiny-vertx-runtime-2.24.1.jar:/Users/hungnguyen/.m2/repository/io/smallrye/reactive/vertx-mutiny-generator/2.24.1/vertx-mutiny-generator-2.24.1.jar:/Users/hungnguyen/.m2/repository/io/vertx/vertx-codegen/4.3.2/vertx-codegen-4.3.2.jar:/Users/hungnguyen/.m2/repository/io/smallrye/smallrye-fault-tolerance-vertx/5.5.0/smallrye-fault-tolerance-vertx-5.5.0.jar:/Users/hungnguyen/.m2/repository/io/smallrye/reactive/smallrye-mutiny-vertx-web/2.24.1/smallrye-mutiny-vertx-web-2.24.1.jar:/Users/hungnguyen/.m2/repository/io/smallrye/reactive/smallrye-mutiny-vertx-web-common/2.24.1/smallrye-mutiny-vertx-web-common-2.24.1.jar:/Users/hungnguyen/.m2/repository/io/smallrye/reactive/smallrye-mutiny-vertx-auth-common/2.24.1/smallrye-mutiny-vertx-auth-common-2.24.1.jar:/Users/hungnguyen/.m2/repository/io/smallrye/reactive/smallrye-mutiny-vertx-bridge-common/2.24.1/smallrye-mutiny-vertx-bridge-common-2.24.1.jar:/Users/hungnguyen/.m2/repository/io/smallrye/reactive/smallrye-mutiny-vertx-uri-template/2.24.1/smallrye-mutiny-vertx-uri-template-2.24.1.jar:/Users/hungnguyen/.m2/repository/io/vertx/vertx-uri-template/4.3.2/vertx-uri-template-4.3.2.jar:/Users/hungnguyen/.m2/repository/io/vertx/vertx-web/4.3.2/vertx-web-4.3.2.jar:/Users/hungnguyen/.m2/repository/io/vertx/vertx-web-common/4.3.2/vertx-web-common-4.3.2.jar:/Users/hungnguyen/.m2/repository/io/vertx/vertx-auth-common/4.3.2/vertx-auth-common-4.3.2.jar:/Users/hungnguyen/.m2/repository/io/vertx/vertx-bridge-common/4.3.2/vertx-bridge-common-4.3.2.jar:/Users/hungnguyen/.m2/repository/io/github/crac/org-crac/0.1.1/org-crac-0.1.1.jar:/Users/hungnguyen/.m2/repository/io/quarkus/quarkus-resteasy-server-common/2.11.1.Final/quarkus-resteasy-server-common-2.11.1.Final.jar:/Users/hungnguyen/.m2/repository/io/quarkus/quarkus-resteasy-common/2.11.1.Final/quarkus-resteasy-common-2.11.1.Final.jar:/Users/hungnguyen/.m2/repository/org/jboss/resteasy/resteasy-core/4.7.5.Final/resteasy-core-4.7.5.Final.jar:/Users/hungnguyen/.m2/repository/org/jboss/resteasy/resteasy-core-spi/4.7.5.Final/resteasy-core-spi-4.7.5.Final.jar:/Users/hungnguyen/.m2/repository/com/ibm/async/asyncutil/0.1.0/asyncutil-0.1.0.jar:/Users/hungnguyen/.m2/repository/com/sun/activation/jakarta.activation/1.2.1/jakarta.activation-1.2.1.jar:/Users/hungnguyen/.m2/repository/io/quarkus/quarkus-junit5/2.11.1.Final/quarkus-junit5-2.11.1.Final.jar:/Users/hungnguyen/.m2/repository/io/quarkus/quarkus-bootstrap-core/2.11.1.Final/quarkus-bootstrap-core-2.11.1.Final.jar:/Users/hungnguyen/.m2/repository/io/quarkus/quarkus-bootstrap-app-model/2.11.1.Final/quarkus-bootstrap-app-model-2.11.1.Final.jar:/Users/hungnguyen/.m2/repository/io/quarkus/quarkus-bootstrap-maven-resolver/2.11.1.Final/quarkus-bootstrap-maven-resolver-2.11.1.Final.jar:/Users/hungnguyen/.m2/repository/org/apache/maven/maven-embedder/3.8.6/maven-embedder-3.8.6.jar:/Users/hungnguyen/.m2/repository/org/apache/maven/maven-settings/3.8.6/maven-settings-3.8.6.jar:/Users/hungnguyen/.m2/repository/org/apache/maven/maven-core/3.8.6/maven-core-3.8.6.jar:/Users/hungnguyen/.m2/repository/org/apache/maven/maven-artifact/3.8.6/maven-artifact-3.8.6.jar:/Users/hungnguyen/.m2/repository/org/codehaus/plexus/plexus-component-annotations/2.1.0/plexus-component-annotations-2.1.0.jar:/Users/hungnguyen/.m2/repository/org/apache/maven/maven-plugin-api/3.8.6/maven-plugin-api-3.8.6.jar:/Users/hungnguyen/.m2/repository/org/apache/maven/maven-model/3.8.6/maven-model-3.8.6.jar:/Users/hungnguyen/.m2/repository/org/apache/maven/maven-model-builder/3.8.6/maven-model-builder-3.8.6.jar:/Users/hungnguyen/.m2/repository/org/apache/maven/maven-builder-support/3.8.6/maven-builder-support-3.8.6.jar:/Users/hungnguyen/.m2/repository/org/apache/maven/resolver/maven-resolver-api/1.6.3/maven-resolver-api-1.6.3.jar:/Users/hungnguyen/.m2/repository/org/apache/maven/resolver/maven-resolver-util/1.6.3/maven-resolver-util-1.6.3.jar:/Users/hungnguyen/.m2/repository/org/apache/maven/shared/maven-shared-utils/3.3.4/maven-shared-utils-3.3.4.jar:/Users/hungnguyen/.m2/repository/commons-io/commons-io/2.11.0/commons-io-2.11.0.jar:/Users/hungnguyen/.m2/repository/com/google/inject/guice/4.2.2/guice-4.2.2-no_aop.jar:/Users/hungnguyen/.m2/repository/com/google/guava/guava/31.1-jre/guava-31.1-jre.jar:/Users/hungnguyen/.m2/repository/com/google/guava/failureaccess/1.0.1/failureaccess-1.0.1.jar:/Users/hungnguyen/.m2/repository/org/codehaus/plexus/plexus-classworlds/2.6.0/plexus-classworlds-2.6.0.jar:/Users/hungnguyen/.m2/repository/org/codehaus/plexus/plexus-sec-dispatcher/2.0/plexus-sec-dispatcher-2.0.jar:/Users/hungnguyen/.m2/repository/org/codehaus/plexus/plexus-cipher/2.0/plexus-cipher-2.0.jar:/Users/hungnguyen/.m2/repository/commons-cli/commons-cli/1.4/commons-cli-1.4.jar:/Users/hungnguyen/.m2/repository/org/eclipse/sisu/org.eclipse.sisu.plexus/0.3.5/org.eclipse.sisu.plexus-0.3.5.jar:/Users/hungnguyen/.m2/repository/org/apache/maven/maven-settings-builder/3.8.6/maven-settings-builder-3.8.6.jar:/Users/hungnguyen/.m2/repository/org/codehaus/plexus/plexus-interpolation/1.26/plexus-interpolation-1.26.jar:/Users/hungnguyen/.m2/repository/org/apache/maven/maven-resolver-provider/3.8.6/maven-resolver-provider-3.8.6.jar:/Users/hungnguyen/.m2/repository/org/apache/maven/maven-repository-metadata/3.8.6/maven-repository-metadata-3.8.6.jar:/Users/hungnguyen/.m2/repository/org/apache/maven/resolver/maven-resolver-spi/1.6.3/maven-resolver-spi-1.6.3.jar:/Users/hungnguyen/.m2/repository/org/apache/maven/resolver/maven-resolver-impl/1.6.3/maven-resolver-impl-1.6.3.jar:/Users/hungnguyen/.m2/repository/org/codehaus/plexus/plexus-utils/3.3.0/plexus-utils-3.3.0.jar:/Users/hungnguyen/.m2/repository/org/apache/maven/resolver/maven-resolver-connector-basic/1.6.3/maven-resolver-connector-basic-1.6.3.jar:/Users/hungnguyen/.m2/repository/org/apache/maven/resolver/maven-resolver-transport-wagon/1.6.3/maven-resolver-transport-wagon-1.6.3.jar:/Users/hungnguyen/.m2/repository/org/apache/maven/wagon/wagon-http/3.5.1/wagon-http-3.5.1.jar:/Users/hungnguyen/.m2/repository/org/apache/maven/wagon/wagon-http-shared/3.5.1/wagon-http-shared-3.5.1.jar:/Users/hungnguyen/.m2/repository/org/apache/maven/wagon/wagon-provider-api/3.5.1/wagon-provider-api-3.5.1.jar:/Users/hungnguyen/.m2/repository/org/apache/maven/wagon/wagon-file/3.5.1/wagon-file-3.5.1.jar:/Users/hungnguyen/.m2/repository/io/quarkus/quarkus-bootstrap-gradle-resolver/2.11.1.Final/quarkus-bootstrap-gradle-resolver-2.11.1.Final.jar:/Users/hungnguyen/.m2/repository/io/smallrye/common/smallrye-common-io/1.13.0/smallrye-common-io-1.13.0.jar:/Users/hungnguyen/.m2/repository/org/eclipse/sisu/org.eclipse.sisu.inject/0.3.5/org.eclipse.sisu.inject-0.3.5.jar:/Users/hungnguyen/.m2/repository/io/quarkus/quarkus-test-common/2.11.1.Final/quarkus-test-common-2.11.1.Final.jar:/Users/hungnguyen/.m2/repository/io/quarkus/quarkus-core-deployment/2.11.1.Final/quarkus-core-deployment-2.11.1.Final.jar:/Users/hungnguyen/.m2/repository/org/aesh/readline/2.2/readline-2.2.jar:/Users/hungnguyen/.m2/repository/org/fusesource/jansi/jansi/1.18/jansi-1.18.jar:/Users/hungnguyen/.m2/repository/org/aesh/aesh/2.6/aesh-2.6.jar:/Users/hungnguyen/.m2/repository/io/quarkus/gizmo/gizmo/1.0.11.Final/gizmo-1.0.11.Final.jar:/Users/hungnguyen/.m2/repository/org/ow2/asm/asm-util/9.3/asm-util-9.3.jar:/Users/hungnguyen/.m2/repository/org/ow2/asm/asm/9.3/asm-9.3.jar:/Users/hungnguyen/.m2/repository/org/ow2/asm/asm-commons/9.3/asm-commons-9.3.jar:/Users/hungnguyen/.m2/repository/org/ow2/asm/asm-tree/9.3/asm-tree-9.3.jar:/Users/hungnguyen/.m2/repository/org/ow2/asm/asm-analysis/9.3/asm-analysis-9.3.jar:/Users/hungnguyen/.m2/repository/io/quarkus/quarkus-class-change-agent/2.11.1.Final/quarkus-class-change-agent-2.11.1.Final.jar:/Users/hungnguyen/.m2/repository/io/quarkus/quarkus-devtools-utilities/2.11.1.Final/quarkus-devtools-utilities-2.11.1.Final.jar:/Users/hungnguyen/.m2/repository/io/quarkus/quarkus-builder/2.11.1.Final/quarkus-builder-2.11.1.Final.jar:/Users/hungnguyen/.m2/repository/org/junit/platform/junit-platform-launcher/1.8.2/junit-platform-launcher-1.8.2.jar:/Users/hungnguyen/.m2/repository/org/jboss/jandex/2.4.3.Final/jandex-2.4.3.Final.jar:/Users/hungnguyen/.m2/repository/org/jboss/logging/commons-logging-jboss-logging/1.0.0.Final/commons-logging-jboss-logging-1.0.0.Final.jar:/Users/hungnguyen/.m2/repository/io/quarkus/quarkus-junit5-properties/2.11.1.Final/quarkus-junit5-properties-2.11.1.Final.jar:/Users/hungnguyen/.m2/repository/org/junit/jupiter/junit-jupiter/5.8.2/junit-jupiter-5.8.2.jar:/Users/hungnguyen/.m2/repository/org/junit/jupiter/junit-jupiter-api/5.8.2/junit-jupiter-api-5.8.2.jar:/Users/hungnguyen/.m2/repository/org/opentest4j/opentest4j/1.2.0/opentest4j-1.2.0.jar:/Users/hungnguyen/.m2/repository/org/junit/platform/junit-platform-commons/1.8.2/junit-platform-commons-1.8.2.jar:/Users/hungnguyen/.m2/repository/org/apiguardian/apiguardian-api/1.1.2/apiguardian-api-1.1.2.jar:/Users/hungnguyen/.m2/repository/org/junit/jupiter/junit-jupiter-params/5.8.2/junit-jupiter-params-5.8.2.jar:/Users/hungnguyen/.m2/repository/org/junit/jupiter/junit-jupiter-engine/5.8.2/junit-jupiter-engine-5.8.2.jar:/Users/hungnguyen/.m2/repository/org/junit/platform/junit-platform-engine/1.8.2/junit-platform-engine-1.8.2.jar:/Users/hungnguyen/.m2/repository/com/thoughtworks/xstream/xstream/1.4.19/xstream-1.4.19.jar:/Users/hungnguyen/.m2/repository/io/github/x-stream/mxparser/1.2.2/mxparser-1.2.2.jar:/Users/hungnguyen/.m2/repository/xmlpull/xmlpull/1.1.3.1/xmlpull-1.1.3.1.jar:/Users/hungnguyen/.m2/repository/io/rest-assured/rest-assured/4.5.1/rest-assured-4.5.1.jar:/Users/hungnguyen/.m2/repository/org/codehaus/groovy/groovy/3.0.9/groovy-3.0.9.jar:/Users/hungnguyen/.m2/repository/org/codehaus/groovy/groovy-xml/3.0.9/groovy-xml-3.0.9.jar:/Users/hungnguyen/.m2/repository/org/apache/httpcomponents/httpclient/4.5.13/httpclient-4.5.13.jar:/Users/hungnguyen/.m2/repository/org/apache/httpcomponents/httpcore/4.4.15/httpcore-4.4.15.jar:/Users/hungnguyen/.m2/repository/commons-codec/commons-codec/1.15/commons-codec-1.15.jar:/Users/hungnguyen/.m2/repository/org/apache/httpcomponents/httpmime/4.5.13/httpmime-4.5.13.jar:/Users/hungnguyen/.m2/repository/org/hamcrest/hamcrest/2.1/hamcrest-2.1.jar:/Users/hungnguyen/.m2/repository/org/ccil/cowan/tagsoup/tagsoup/1.2.1/tagsoup-1.2.1.jar:/Users/hungnguyen/.m2/repository/io/rest-assured/json-path/4.5.1/json-path-4.5.1.jar:/Users/hungnguyen/.m2/repository/org/codehaus/groovy/groovy-json/3.0.9/groovy-json-3.0.9.jar:/Users/hungnguyen/.m2/repository/io/rest-assured/rest-assured-common/4.5.1/rest-assured-common-4.5.1.jar:/Users/hungnguyen/.m2/repository/io/rest-assured/xml-path/4.5.1/xml-path-4.5.1.jar:/Users/hungnguyen/.m2/repository/org/apache/commons/commons-lang3/3.12.0/commons-lang3-3.12.0.jar:/Users/hungnguyen/.m2/repository/org/projectlombok/lombok/1.18.24/lombok-1.18.24.jar:"/>
    <property name="sun.cpu.endian" value="little"/>
    <property name="user.home" value="/Users/hungnguyen"/>
    <property name="user.language" value="en"/>
    <property name="java.specification.vendor" value="Oracle Corporation"/>
    <property name="io.netty.allocator.maxOrder" value="3"/>
    <property name="java.version.date" value="2021-10-19"/>
    <property name="java.home" value="/Library/Java/JavaVirtualMachines/jdk-11.0.13.jdk/Contents/Home"/>
    <property name="file.separator" value="/"/>
    <property name="basedir" value="/Volumes/WorkALearn/KLTN/quarkus-demo"/>
    <property name="java.vm.compressedOopsMode" value="Zero based"/>
    <property name="line.separator" value="&#10;"/>
    <property name="java.specification.name" value="Java Platform API Specification"/>
    <property name="java.vm.specification.vendor" value="Oracle Corporation"/>
    <property name="java.awt.graphicsenv" value="sun.awt.CGraphicsEnvironment"/>
    <property name="surefire.real.class.path" value="/Volumes/WorkALearn/KLTN/quarkus-demo/target/surefire/surefirebooter-20220801220211651_3.jar"/>
    <property name="sun.management.compiler" value="HotSpot 64-Bit Tiered Compilers"/>
    <property name="ftp.nonProxyHosts" value="local|*.local|169.254/16|*.169.254/16"/>
    <property name="java.runtime.version" value="11.0.13+10-LTS-370"/>
    <property name="user.name" value="hungnguyen"/>
    <property name="path.separator" value=":"/>
    <property name="os.version" value="11.5"/>
    <property name="java.runtime.name" value="Java(TM) SE Runtime Environment"/>
    <property name="file.encoding" value="UTF-8"/>
    <property name="jnidispatch.path" value="/Users/hungnguyen/Library/Caches/JNA/temp/jna13664277798514550821.tmp"/>
    <property name="java.vm.name" value="Java HotSpot(TM) 64-Bit Server VM"/>
    <property name="jna.platform.library.path" value="/usr/lib:/usr/lib"/>
    <property name="java.vendor.version" value="18.9"/>
    <property name="localRepository" value="/Users/hungnguyen/.m2/repository"/>
    <property name="jna.loaded" value="true"/>
    <property name="java.vendor.url.bug" value="https://bugreport.java.com/bugreport/"/>
    <property name="java.io.tmpdir" value="/var/folders/_h/9yrzk_yd0yn4k4_j43vxhrdw0000gn/T/"/>
    <property name="quarkus.log.file.path" value="target/quarkus.log"/>
    <property name="java.version" value="11.0.13"/>
    <property name="java.util.concurrent.ForkJoinPool.common.threadFactory" value="io.quarkus.bootstrap.forkjoin.QuarkusForkJoinWorkerThreadFactory"/>
    <property name="user.dir" value="/Volumes/WorkALearn/KLTN/quarkus-demo"/>
    <property name="os.arch" value="x86_64"/>
    <property name="hibernate.bytecode.provider" value="none"/>
    <property name="java.vm.specification.name" value="Java Virtual Machine Specification"/>
    <property name="vertx.disableDnsResolver" value="true"/>
    <property name="java.awt.printerjob" value="sun.lwawt.macosx.CPrinterJob"/>
    <property name="sun.os.patch.level" value="unknown"/>
    <property name="java.util.logging.manager" value="org.jboss.logmanager.LogManager"/>
    <property name="java.library.path" value="/Users/hungnguyen/Library/Java/Extensions:/Library/Java/Extensions:/Network/Library/Java/Extensions:/System/Library/Java/Extensions:/usr/lib/java:."/>
    <property name="java.vendor" value="Oracle Corporation"/>
    <property name="java.vm.info" value="mixed mode"/>
    <property name="vertx.disableTCCL" value="true"/>
    <property name="java.vm.version" value="11.0.13+10-LTS-370"/>
    <property name="sun.io.unicode.encoding" value="UnicodeBig"/>
    <property name="io.netty.machineId" value="51:b9:ba:db:59:37:22:bd"/>
    <property name="java.class.version" value="55.0"/>
    <property name="socksNonProxyHosts" value="local|*.local|169.254/16|*.169.254/16"/>
  </properties>
  <testcase name="testHelloEndpoint" classname="com.redhat.developers.HelloResourceTest" time="0.777">
    <failure message="1 expectation failed.&#10;Expected status code &lt;200&gt; but was &lt;404&gt;.&#10;" type="java.lang.AssertionError"><![CDATA[java.lang.AssertionError: 
1 expectation failed.
Expected status code <200> but was <404>.

	at java.base/jdk.internal.reflect.NativeConstructorAccessorImpl.newInstance0(Native Method)
	at java.base/jdk.internal.reflect.NativeConstructorAccessorImpl.newInstance(NativeConstructorAccessorImpl.java:62)
	at java.base/jdk.internal.reflect.DelegatingConstructorAccessorImpl.newInstance(DelegatingConstructorAccessorImpl.java:45)
	at java.base/java.lang.reflect.Constructor.newInstance(Constructor.java:490)
	at org.codehaus.groovy.reflection.CachedConstructor.invoke(CachedConstructor.java:72)
	at org.codehaus.groovy.reflection.CachedConstructor.doConstructorInvoke(CachedConstructor.java:59)
	at org.codehaus.groovy.runtime.callsite.ConstructorSite$ConstructorSiteNoUnwrap.callConstructor(ConstructorSite.java:84)
	at org.codehaus.groovy.runtime.callsite.CallSiteArray.defaultCallConstructor(CallSiteArray.java:59)
	at org.codehaus.groovy.runtime.callsite.AbstractCallSite.callConstructor(AbstractCallSite.java:263)
	at org.codehaus.groovy.runtime.callsite.AbstractCallSite.callConstructor(AbstractCallSite.java:277)
	at io.restassured.internal.ResponseSpecificationImpl$HamcrestAssertionClosure.validate(ResponseSpecificationImpl.groovy:499)
	at io.restassured.internal.ResponseSpecificationImpl$HamcrestAssertionClosure$validate$1.call(Unknown Source)
	at org.codehaus.groovy.runtime.callsite.CallSiteArray.defaultCall(CallSiteArray.java:47)
	at org.codehaus.groovy.runtime.callsite.AbstractCallSite.call(AbstractCallSite.java:125)
	at org.codehaus.groovy.runtime.callsite.AbstractCallSite.call(AbstractCallSite.java:139)
	at io.restassured.internal.ResponseSpecificationImpl.validateResponseIfRequired(ResponseSpecificationImpl.groovy:684)
	at java.base/jdk.internal.reflect.NativeMethodAccessorImpl.invoke0(Native Method)
	at java.base/jdk.internal.reflect.NativeMethodAccessorImpl.invoke(NativeMethodAccessorImpl.java:62)
	at java.base/jdk.internal.reflect.DelegatingMethodAccessorImpl.invoke(DelegatingMethodAccessorImpl.java:43)
	at java.base/java.lang.reflect.Method.invoke(Method.java:566)
	at org.codehaus.groovy.runtime.callsite.PlainObjectMetaMethodSite.doInvoke(PlainObjectMetaMethodSite.java:43)
	at org.codehaus.groovy.runtime.callsite.PogoMetaMethodSite$PogoCachedMethodSiteNoUnwrapNoCoerce.invoke(PogoMetaMethodSite.java:193)
	at org.codehaus.groovy.runtime.callsite.PogoMetaMethodSite.callCurrent(PogoMetaMethodSite.java:61)
	at org.codehaus.groovy.runtime.callsite.CallSiteArray.defaultCallCurrent(CallSiteArray.java:51)
	at org.codehaus.groovy.runtime.callsite.AbstractCallSite.callCurrent(AbstractCallSite.java:171)
	at org.codehaus.groovy.runtime.callsite.AbstractCallSite.callCurrent(AbstractCallSite.java:185)
	at io.restassured.internal.ResponseSpecificationImpl.statusCode(ResponseSpecificationImpl.groovy:127)
	at io.restassured.specification.ResponseSpecification$statusCode$0.callCurrent(Unknown Source)
	at org.codehaus.groovy.runtime.callsite.CallSiteArray.defaultCallCurrent(CallSiteArray.java:51)
	at org.codehaus.groovy.runtime.callsite.AbstractCallSite.callCurrent(AbstractCallSite.java:171)
	at org.codehaus.groovy.runtime.callsite.AbstractCallSite.callCurrent(AbstractCallSite.java:185)
	at io.restassured.internal.ResponseSpecificationImpl.statusCode(ResponseSpecificationImpl.groovy:135)
	at io.restassured.internal.ValidatableResponseOptionsImpl.statusCode(ValidatableResponseOptionsImpl.java:89)
	at io.restassured.internal.ValidatableResponseImpl.super$2$statusCode(ValidatableResponseImpl.groovy)
	at java.base/jdk.internal.reflect.NativeMethodAccessorImpl.invoke0(Native Method)
	at java.base/jdk.internal.reflect.NativeMethodAccessorImpl.invoke(NativeMethodAccessorImpl.java:62)
	at java.base/jdk.internal.reflect.DelegatingMethodAccessorImpl.invoke(DelegatingMethodAccessorImpl.java:43)
	at java.base/java.lang.reflect.Method.invoke(Method.java:566)
	at org.codehaus.groovy.reflection.CachedMethod.invoke(CachedMethod.java:107)
	at groovy.lang.MetaMethod.doMethodInvoke(MetaMethod.java:323)
	at groovy.lang.MetaClassImpl.invokeMethod(MetaClassImpl.java:1268)
	at org.codehaus.groovy.runtime.ScriptBytecodeAdapter.invokeMethodOnSuperN(ScriptBytecodeAdapter.java:144)
	at io.restassured.internal.ValidatableResponseImpl.statusCode(ValidatableResponseImpl.groovy:142)
	at io.restassured.internal.ValidatableResponseImpl.statusCode(ValidatableResponseImpl.groovy)
	at com.redhat.developers.HelloResourceTest.testHelloEndpoint(HelloResourceTest.java:17)
	at java.base/jdk.internal.reflect.NativeMethodAccessorImpl.invoke0(Native Method)
	at java.base/jdk.internal.reflect.NativeMethodAccessorImpl.invoke(NativeMethodAccessorImpl.java:62)
	at java.base/jdk.internal.reflect.DelegatingMethodAccessorImpl.invoke(DelegatingMethodAccessorImpl.java:43)
	at java.base/java.lang.reflect.Method.invoke(Method.java:566)
	at io.quarkus.test.junit.QuarkusTestExtension.runExtensionMethod(QuarkusTestExtension.java:1019)
	at io.quarkus.test.junit.QuarkusTestExtension.interceptTestMethod(QuarkusTestExtension.java:838)
	at org.junit.jupiter.engine.execution.ExecutableInvoker$ReflectiveInterceptorCall.lambda$ofVoidMethod$0(ExecutableInvoker.java:115)
	at org.junit.jupiter.engine.execution.ExecutableInvoker.lambda$invoke$0(ExecutableInvoker.java:105)
	at org.junit.jupiter.engine.execution.InvocationInterceptorChain$InterceptedInvocation.proceed(InvocationInterceptorChain.java:106)
	at org.junit.jupiter.engine.extension.TimeoutExtension.intercept(TimeoutExtension.java:149)
	at org.junit.jupiter.engine.extension.TimeoutExtension.interceptTestableMethod(TimeoutExtension.java:140)
	at org.junit.jupiter.engine.extension.TimeoutExtension.interceptTestMethod(TimeoutExtension.java:84)
	at org.junit.jupiter.engine.execution.ExecutableInvoker$ReflectiveInterceptorCall.lambda$ofVoidMethod$0(ExecutableInvoker.java:115)
	at org.junit.jupiter.engine.execution.ExecutableInvoker.lambda$invoke$0(ExecutableInvoker.java:105)
	at org.junit.jupiter.engine.execution.InvocationInterceptorChain$InterceptedInvocation.proceed(InvocationInterceptorChain.java:106)
	at org.junit.jupiter.engine.execution.InvocationInterceptorChain.proceed(InvocationInterceptorChain.java:64)
	at org.junit.jupiter.engine.execution.InvocationInterceptorChain.chainAndInvoke(InvocationInterceptorChain.java:45)
	at org.junit.jupiter.engine.execution.InvocationInterceptorChain.invoke(InvocationInterceptorChain.java:37)
	at org.junit.jupiter.engine.execution.ExecutableInvoker.invoke(ExecutableInvoker.java:104)
	at org.junit.jupiter.engine.execution.ExecutableInvoker.invoke(ExecutableInvoker.java:98)
	at org.junit.jupiter.engine.descriptor.TestMethodTestDescriptor.lambda$invokeTestMethod$7(TestMethodTestDescriptor.java:214)
	at org.junit.platform.engine.support.hierarchical.ThrowableCollector.execute(ThrowableCollector.java:73)
	at org.junit.jupiter.engine.descriptor.TestMethodTestDescriptor.invokeTestMethod(TestMethodTestDescriptor.java:210)
	at org.junit.jupiter.engine.descriptor.TestMethodTestDescriptor.execute(TestMethodTestDescriptor.java:135)
	at org.junit.jupiter.engine.descriptor.TestMethodTestDescriptor.execute(TestMethodTestDescriptor.java:66)
	at org.junit.platform.engine.support.hierarchical.NodeTestTask.lambda$executeRecursively$6(NodeTestTask.java:151)
	at org.junit.platform.engine.support.hierarchical.ThrowableCollector.execute(ThrowableCollector.java:73)
	at org.junit.platform.engine.support.hierarchical.NodeTestTask.lambda$executeRecursively$8(NodeTestTask.java:141)
	at org.junit.platform.engine.support.hierarchical.Node.around(Node.java:137)
	at org.junit.platform.engine.support.hierarchical.NodeTestTask.lambda$executeRecursively$9(NodeTestTask.java:139)
	at org.junit.platform.engine.support.hierarchical.ThrowableCollector.execute(ThrowableCollector.java:73)
	at org.junit.platform.engine.support.hierarchical.NodeTestTask.executeRecursively(NodeTestTask.java:138)
	at org.junit.platform.engine.support.hierarchical.NodeTestTask.execute(NodeTestTask.java:95)
	at java.base/java.util.ArrayList.forEach(ArrayList.java:1541)
	at org.junit.platform.engine.support.hierarchical.SameThreadHierarchicalTestExecutorService.invokeAll(SameThreadHierarchicalTestExecutorService.java:41)
	at org.junit.platform.engine.support.hierarchical.NodeTestTask.lambda$executeRecursively$6(NodeTestTask.java:155)
	at org.junit.platform.engine.support.hierarchical.ThrowableCollector.execute(ThrowableCollector.java:73)
	at org.junit.platform.engine.support.hierarchical.NodeTestTask.lambda$executeRecursively$8(NodeTestTask.java:141)
	at org.junit.platform.engine.support.hierarchical.Node.around(Node.java:137)
	at org.junit.platform.engine.support.hierarchical.NodeTestTask.lambda$executeRecursively$9(NodeTestTask.java:139)
	at org.junit.platform.engine.support.hierarchical.ThrowableCollector.execute(ThrowableCollector.java:73)
	at org.junit.platform.engine.support.hierarchical.NodeTestTask.executeRecursively(NodeTestTask.java:138)
	at org.junit.platform.engine.support.hierarchical.NodeTestTask.execute(NodeTestTask.java:95)
	at java.base/java.util.ArrayList.forEach(ArrayList.java:1541)
	at org.junit.platform.engine.support.hierarchical.SameThreadHierarchicalTestExecutorService.invokeAll(SameThreadHierarchicalTestExecutorService.java:41)
	at org.junit.platform.engine.support.hierarchical.NodeTestTask.lambda$executeRecursively$6(NodeTestTask.java:155)
	at org.junit.platform.engine.support.hierarchical.ThrowableCollector.execute(ThrowableCollector.java:73)
	at org.junit.platform.engine.support.hierarchical.NodeTestTask.lambda$executeRecursively$8(NodeTestTask.java:141)
	at org.junit.platform.engine.support.hierarchical.Node.around(Node.java:137)
	at org.junit.platform.engine.support.hierarchical.NodeTestTask.lambda$executeRecursively$9(NodeTestTask.java:139)
	at org.junit.platform.engine.support.hierarchical.ThrowableCollector.execute(ThrowableCollector.java:73)
	at org.junit.platform.engine.support.hierarchical.NodeTestTask.executeRecursively(NodeTestTask.java:138)
	at org.junit.platform.engine.support.hierarchical.NodeTestTask.execute(NodeTestTask.java:95)
	at org.junit.platform.engine.support.hierarchical.SameThreadHierarchicalTestExecutorService.submit(SameThreadHierarchicalTestExecutorService.java:35)
	at org.junit.platform.engine.support.hierarchical.HierarchicalTestExecutor.execute(HierarchicalTestExecutor.java:57)
	at org.junit.platform.engine.support.hierarchical.HierarchicalTestEngine.execute(HierarchicalTestEngine.java:54)
	at org.junit.platform.launcher.core.EngineExecutionOrchestrator.execute(EngineExecutionOrchestrator.java:107)
	at org.junit.platform.launcher.core.EngineExecutionOrchestrator.execute(EngineExecutionOrchestrator.java:88)
	at org.junit.platform.launcher.core.EngineExecutionOrchestrator.lambda$execute$0(EngineExecutionOrchestrator.java:54)
	at org.junit.platform.launcher.core.EngineExecutionOrchestrator.withInterceptedStreams(EngineExecutionOrchestrator.java:67)
	at org.junit.platform.launcher.core.EngineExecutionOrchestrator.execute(EngineExecutionOrchestrator.java:52)
	at org.junit.platform.launcher.core.DefaultLauncher.execute(DefaultLauncher.java:114)
	at org.junit.platform.launcher.core.DefaultLauncher.execute(DefaultLauncher.java:86)
	at org.junit.platform.launcher.core.DefaultLauncherSession$DelegatingLauncher.execute(DefaultLauncherSession.java:86)
	at org.apache.maven.surefire.junitplatform.LazyLauncher.execute(LazyLauncher.java:55)
	at org.apache.maven.surefire.junitplatform.JUnitPlatformProvider.execute(JUnitPlatformProvider.java:223)
	at org.apache.maven.surefire.junitplatform.JUnitPlatformProvider.invokeAllTests(JUnitPlatformProvider.java:175)
	at org.apache.maven.surefire.junitplatform.JUnitPlatformProvider.invoke(JUnitPlatformProvider.java:139)
	at org.apache.maven.surefire.booter.ForkedBooter.runSuitesInProcess(ForkedBooter.java:456)
	at org.apache.maven.surefire.booter.ForkedBooter.execute(ForkedBooter.java:169)
	at org.apache.maven.surefire.booter.ForkedBooter.run(ForkedBooter.java:595)
	at org.apache.maven.surefire.booter.ForkedBooter.main(ForkedBooter.java:581)
]]></failure>
    <system-out><![CDATA[2022-08-01 22:02:14,003 INFO  [org.jbo.threads] (main) JBoss Threads version 3.4.2.Final
2022-08-01 22:02:14,156 WARN  [org.tes.uti.TestcontainersConfiguration] (build-25) Attempted to read Testcontainers configuration file at file:/Users/hungnguyen/.testcontainers.properties but the file was not found. Exception message: FileNotFoundException: /Users/hungnguyen/.testcontainers.properties (No such file or directory)
2022-08-01 22:02:14,481 INFO  [org.tes.doc.DockerClientProviderStrategy] (build-25) Found Docker environment with local Unix socket (unix:///var/run/docker.sock)
2022-08-01 22:02:14,488 INFO  [org.tes.DockerClientFactory] (build-25) Docker host IP address is localhost
2022-08-01 22:02:14,500 INFO  [org.tes.DockerClientFactory] (build-25) Connected to docker: 
  Server Version: 20.10.17
  API Version: 1.41
  Operating System: Docker Desktop
  Total Memory: 7859 MB
2022-08-01 22:02:14,511 INFO  [org.tes.uti.ImageNameSubstitutor] (build-25) Image name substitution will be performed by: DefaultImageNameSubstitutor (composite of 'ConfigurationFileImageNameSubstitutor' and 'PrefixingImageNameSubstitutor')
2022-08-01 22:02:14,528 INFO  [🐳 .3.3]] (build-25) Pulling docker image: testcontainers/ryuk:0.3.3. Please be patient; this may take some time but only needs to be done once.
2022-08-01 22:02:14,657 INFO  [org.tes.uti.RegistryAuthLocator] (build-25) Credential helper/store (docker-credential-desktop) does not have credentials for https://index.docker.io/v1/
2022-08-01 22:02:18,430 INFO  [🐳 .3.3]] (docker-java-stream-256183458) Starting to pull image
2022-08-01 22:02:18,445 INFO  [🐳 .3.3]] (docker-java-stream-256183458) Pulling image layers:  0 pending,  0 downloaded,  0 extracted, (0 bytes/0 bytes)
2022-08-01 22:02:20,502 INFO  [🐳 .3.3]] (docker-java-stream-256183458) Pulling image layers:  2 pending,  1 downloaded,  0 extracted, (56 KB/? MB)
2022-08-01 22:02:20,620 INFO  [🐳 .3.3]] (docker-java-stream-256183458) Pulling image layers:  1 pending,  2 downloaded,  0 extracted, (2 MB/? MB)
2022-08-01 22:02:20,654 INFO  [🐳 .3.3]] (docker-java-stream-256183458) Pulling image layers:  0 pending,  3 downloaded,  0 extracted, (3 MB/5 MB)
2022-08-01 22:02:20,743 INFO  [🐳 .3.3]] (docker-java-stream-256183458) Pulling image layers:  0 pending,  3 downloaded,  1 extracted, (3 MB/5 MB)
2022-08-01 22:02:20,794 INFO  [🐳 .3.3]] (docker-java-stream-256183458) Pulling image layers:  0 pending,  3 downloaded,  2 extracted, (4 MB/5 MB)
2022-08-01 22:02:20,872 INFO  [🐳 .3.3]] (docker-java-stream-256183458) Pulling image layers:  0 pending,  3 downloaded,  3 extracted, (5 MB/5 MB)
2022-08-01 22:02:20,877 INFO  [🐳 .3.3]] (docker-java-stream-256183458) Pull complete. 3 layers, pulled in 2s (downloaded 5 MB at 2 MB/s)
2022-08-01 22:02:20,896 INFO  [🐳 .3.3]] (build-25) Creating container for image: testcontainers/ryuk:0.3.3
2022-08-01 22:02:20,956 INFO  [🐳 .3.3]] (build-25) Container testcontainers/ryuk:0.3.3 is starting: c6e022479a4646bd3643a177c3b4b91aeaa315c19806bf54a607730cc927d538
2022-08-01 22:02:21,172 INFO  [🐳 .3.3]] (build-25) Container testcontainers/ryuk:0.3.3 started in PT6.657676S
2022-08-01 22:02:21,178 INFO  [org.tes.uti.RyukResourceReaper] (build-25) Ryuk started - will monitor and terminate Testcontainers containers on JVM exit
2022-08-01 22:02:21,178 INFO  [org.tes.DockerClientFactory] (build-25) Checking the system...
2022-08-01 22:02:21,178 INFO  [org.tes.DockerClientFactory] (build-25) ✔︎ Docker server version should be at least 1.6.0
2022-08-01 22:02:21,183 INFO  [🐳 .io/postgres:14]] (build-25) Pulling docker image: docker.io/postgres:14. Please be patient; this may take some time but only needs to be done once.
2022-08-01 22:02:21,207 INFO  [org.tes.uti.RegistryAuthLocator] (build-25) Credential helper/store (docker-credential-desktop) does not have credentials for docker.io
2022-08-01 22:02:24,986 INFO  [🐳 .io/postgres:14]] (docker-java-stream--933788147) Starting to pull image
2022-08-01 22:02:24,987 INFO  [🐳 .io/postgres:14]] (docker-java-stream--933788147) Pulling image layers:  0 pending,  0 downloaded,  0 extracted, (0 bytes/0 bytes)
2022-08-01 22:02:27,040 INFO  [🐳 .io/postgres:14]] (docker-java-stream--933788147) Pulling image layers: 12 pending,  1 downloaded,  0 extracted, (363 KB/? MB)
2022-08-01 22:02:27,994 INFO  [🐳 .io/postgres:14]] (docker-java-stream--933788147) Pulling image layers: 11 pending,  2 downloaded,  0 extracted, (12 MB/? MB)
2022-08-01 22:02:28,928 INFO  [🐳 .io/postgres:14]] (docker-java-stream--933788147) Pulling image layers: 10 pending,  3 downloaded,  0 extracted, (24 MB/? MB)
2022-08-01 22:02:29,728 INFO  [🐳 .io/postgres:14]] (docker-java-stream--933788147) Pulling image layers:  9 pending,  4 downloaded,  0 extracted, (33 MB/? MB)
2022-08-01 22:02:30,191 INFO  [🐳 .io/postgres:14]] (docker-java-stream--933788147) Pulling image layers:  8 pending,  5 downloaded,  0 extracted, (36 MB/? MB)
2022-08-01 22:02:30,602 INFO  [🐳 .io/postgres:14]] (docker-java-stream--933788147) Pulling image layers:  8 pending,  5 downloaded,  1 extracted, (39 MB/? MB)
2022-08-01 22:02:30,746 INFO  [🐳 .io/postgres:14]] (docker-java-stream--933788147) Pulling image layers:  8 pending,  5 downloaded,  2 extracted, (43 MB/? MB)
2022-08-01 22:02:30,782 INFO  [🐳 .io/postgres:14]] (docker-java-stream--933788147) Pulling image layers:  8 pending,  5 downloaded,  3 extracted, (43 MB/? MB)
2022-08-01 22:02:30,847 INFO  [🐳 .io/postgres:14]] (docker-java-stream--933788147) Pulling image layers:  8 pending,  5 downloaded,  4 extracted, (43 MB/? MB)
2022-08-01 22:02:30,854 INFO  [🐳 .io/postgres:14]] (docker-java-stream--933788147) Pulling image layers:  7 pending,  6 downloaded,  4 extracted, (43 MB/? MB)
2022-08-01 22:02:30,872 INFO  [🐳 .io/postgres:14]] (docker-java-stream--933788147) Pulling image layers:  6 pending,  7 downloaded,  4 extracted, (43 MB/? MB)
2022-08-01 22:02:31,113 INFO  [🐳 .io/postgres:14]] (docker-java-stream--933788147) Pulling image layers:  6 pending,  7 downloaded,  5 extracted, (43 MB/? MB)
2022-08-01 22:02:31,187 INFO  [🐳 .io/postgres:14]] (docker-java-stream--933788147) Pulling image layers:  6 pending,  7 downloaded,  6 extracted, (44 MB/? MB)
2022-08-01 22:02:31,217 INFO  [🐳 .io/postgres:14]] (docker-java-stream--933788147) Pulling image layers:  6 pending,  7 downloaded,  7 extracted, (44 MB/? MB)
2022-08-01 22:02:31,245 INFO  [🐳 .io/postgres:14]] (docker-java-stream--933788147) Pulling image layers:  5 pending,  8 downloaded,  7 extracted, (44 MB/? MB)
2022-08-01 22:02:31,277 INFO  [🐳 .io/postgres:14]] (docker-java-stream--933788147) Pulling image layers:  5 pending,  8 downloaded,  8 extracted, (44 MB/? MB)
2022-08-01 22:02:31,928 INFO  [🐳 .io/postgres:14]] (docker-java-stream--933788147) Pulling image layers:  4 pending,  9 downloaded,  8 extracted, (44 MB/? MB)
2022-08-01 22:02:32,309 INFO  [🐳 .io/postgres:14]] (docker-java-stream--933788147) Pulling image layers:  3 pending, 10 downloaded,  8 extracted, (49 MB/? MB)
2022-08-01 22:02:33,963 INFO  [🐳 .io/postgres:14]] (docker-java-stream--933788147) Pulling image layers:  2 pending, 11 downloaded,  8 extracted, (69 MB/? MB)
2022-08-01 22:02:35,060 INFO  [🐳 .io/postgres:14]] (docker-java-stream--933788147) Pulling image layers:  1 pending, 12 downloaded,  8 extracted, (84 MB/? MB)
2022-08-01 22:02:38,566 INFO  [🐳 .io/postgres:14]] (docker-java-stream--933788147) Pulling image layers:  0 pending, 13 downloaded,  8 extracted, (129 MB/131 MB)
2022-08-01 22:02:40,692 INFO  [🐳 .io/postgres:14]] (docker-java-stream--933788147) Pulling image layers:  0 pending, 13 downloaded,  9 extracted, (131 MB/131 MB)
2022-08-01 22:02:40,724 INFO  [🐳 .io/postgres:14]] (docker-java-stream--933788147) Pulling image layers:  0 pending, 13 downloaded, 10 extracted, (131 MB/131 MB)
2022-08-01 22:02:40,756 INFO  [🐳 .io/postgres:14]] (docker-java-stream--933788147) Pulling image layers:  0 pending, 13 downloaded, 11 extracted, (131 MB/131 MB)
2022-08-01 22:02:40,787 INFO  [🐳 .io/postgres:14]] (docker-java-stream--933788147) Pulling image layers:  0 pending, 13 downloaded, 12 extracted, (131 MB/131 MB)
2022-08-01 22:02:40,819 INFO  [🐳 .io/postgres:14]] (docker-java-stream--933788147) Pulling image layers:  0 pending, 13 downloaded, 13 extracted, (131 MB/131 MB)
2022-08-01 22:02:40,826 INFO  [🐳 .io/postgres:14]] (docker-java-stream--933788147) Pull complete. 13 layers, pulled in 15s (downloaded 131 MB at 8 MB/s)
2022-08-01 22:02:40,828 INFO  [🐳 .io/postgres:14]] (build-25) Creating container for image: docker.io/postgres:14
2022-08-01 22:02:40,829 WARN  [🐳 .io/postgres:14]] (build-25) Reuse was requested but the environment does not support the reuse of containers
To enable reuse of containers, you must set 'testcontainers.reuse.enable=true' in a file located at /Users/hungnguyen/.testcontainers.properties
2022-08-01 22:02:41,274 INFO  [🐳 .io/postgres:14]] (build-25) Container docker.io/postgres:14 is starting: 4dc97ea2406eaf5894111756b544892062f229d0fb04da4fe28b80afb06b261e
2022-08-01 22:02:42,246 INFO  [🐳 .io/postgres:14]] (build-25) Container docker.io/postgres:14 started in PT21.064294S
2022-08-01 22:02:42,246 INFO  [io.qua.dev.pos.dep.PostgresqlDevServicesProcessor] (build-25) Dev Services for PostgreSQL started.
2022-08-01 22:02:42,247 INFO  [io.qua.dat.dep.dev.DevServicesDatasourceProcessor] (build-25) Dev Services for the default datasource (postgresql) started.
2022-08-01 22:02:42,249 INFO  [io.qua.hib.orm.dep.HibernateOrmProcessor] (build-22) Setting quarkus.hibernate-orm.database.generation=drop-and-create to initialize Dev Services managed database
2022-08-01 22:02:43,312 WARN  [org.hib.eng.jdb.spi.SqlExceptionHelper] (JPA Startup Thread: <default>) SQL Warning Code: 0, SQLState: 00000
2022-08-01 22:02:43,312 WARN  [org.hib.eng.jdb.spi.SqlExceptionHelper] (JPA Startup Thread: <default>) table "users" does not exist, skipping
2022-08-01 22:02:43,313 WARN  [org.hib.eng.jdb.spi.SqlExceptionHelper] (JPA Startup Thread: <default>) SQL Warning Code: 0, SQLState: 00000
2022-08-01 22:02:43,313 WARN  [org.hib.eng.jdb.spi.SqlExceptionHelper] (JPA Startup Thread: <default>) sequence "hibernate_sequence" does not exist, skipping
2022-08-01 22:02:43,409 INFO  [io.quarkus] (main) quarkus-demo 1.0-SNAPSHOT on JVM (powered by Quarkus 2.11.1.Final) started in 29.729s. Listening on: http://localhost:8081
2022-08-01 22:02:43,409 INFO  [io.quarkus] (main) Profile test activated. 
2022-08-01 22:02:43,409 INFO  [io.quarkus] (main) Installed features: [agroal, cdi, hibernate-orm, hibernate-orm-panache, hibernate-orm-rest-data-panache, jdbc-postgresql, narayana-jta, resteasy, resteasy-jackson, smallrye-context-propagation, vertx]
]]></system-out>
  </testcase>
</testsuite>